[+] Containers:
 |- [+] Container: /Game/ThirdPerson/Maps/ThirdPersonMap
 |   |- [+] ActorDescs:
 |   |   |- Guid:04F9C4684B14CA9F839306B79448489E BaseClass: NativeClass:/Script/NavigationSystem.NavMeshBoundsVolume Name:NavMeshBoundsVolume_UAID_98EECBD0681DB4B501_1908585976 Label:NavMeshBoundsVolume SpatiallyLoaded:0 Bounds:IsValid=true, Min=(X=-408.089 Y=-324.799 Z=-25.475), Max=(X=5191.911 Y=5755.201 Z=174.525) RuntimeGrid:None EditorOnly:0 RuntimeOnly:0 HLODRelevant:0 ListedInSceneOutliner:1 IsMainWorldOnly:0
 |   |   |- Guid:0A733B864C327F0B589EC8BBDD0265BC BaseClass: NativeClass:/Script/Engine.StaticMeshActor Name:StaticMeshActor_13 Label:SM_Cube9 SpatiallyLoaded:1 Bounds:IsValid=true, Min=(X=1800.000 Y=1500.000 Z=0.000), Max=(X=2000.000 Y=2200.000 Z=100.000) RuntimeGrid:None EditorOnly:0 RuntimeOnly:0 HLODRelevant:1 ListedInSceneOutliner:1 IsMainWorldOnly:0 FolderPath:Block01 FolderGuid:7D23E5AE4C2A421F86AF6986D87E6D05
 |   |   |- Guid:13B34CBA4B7D47EBFD29ABB94619FEEE BaseClass:/Game/Weapon/M4A1/BP_M4A1.BP_M4A1_C NativeClass:/Script/Engine.Actor Name:BP_M4A1_C_UAID_98EECBD0681D85B501_1131085706 Label:BP_M4A1 SpatiallyLoaded:1 Bounds:IsValid=true, Min=(X=1091.746 Y=943.251 Z=8.131), Max=(X=1155.746 Y=1057.228 Z=77.466) RuntimeGrid:None EditorOnly:0 RuntimeOnly:0 HLODRelevant:0 ListedInSceneOutliner:1 IsMainWorldOnly:0
 |   |   |- Guid:1920E75F44549FD6BA4E79AA69089116 BaseClass:/Game/Ennemy/BP_ennemy.BP_ennemy_C NativeClass:/Script/Engine.Character Name:BP_ennemy_C_UAID_00FF8CAA7CC161B601_1438938435 Label:BP_ennemy11 SpatiallyLoaded:1 Bounds:IsValid=true, Min=(X=4088.072 Y=1123.672 Z=-0.896), Max=(X=4166.634 Y=1351.842 Z=208.335) RuntimeGrid:None EditorOnly:0 RuntimeOnly:0 HLODRelevant:0 ListedInSceneOutliner:1 IsMainWorldOnly:0
 |   |   |- Guid:1E502FA645204B70088E0096411898E5 BaseClass:/Game/Ennemy/BP_ennemy.BP_ennemy_C NativeClass:/Script/Engine.Character Name:BP_ennemy_C_UAID_00FF8CAA7CC161B601_1445374443 Label:BP_ennemy19 SpatiallyLoaded:1 Bounds:IsValid=true, Min=(X=3668.425 Y=1393.176 Z=-0.896), Max=(X=3746.987 Y=1621.347 Z=208.335) RuntimeGrid:None EditorOnly:0 RuntimeOnly:0 HLODRelevant:0 ListedInSceneOutliner:1 IsMainWorldOnly:0
 |   |   |- Guid:2806416E4377FB3759B52DA8047FBA1A BaseClass:/Game/Ennemy/BP_ennemy.BP_ennemy_C NativeClass:/Script/Engine.Character Name:BP_ennemy_C_UAID_00FF8CAA7CC161B601_1445379446 Label:BP_ennemy22 SpatiallyLoaded:1 Bounds:IsValid=true, Min=(X=3850.921 Y=1537.703 Z=-0.896), Max=(X=3929.482 Y=1765.873 Z=208.335) RuntimeGrid:None EditorOnly:0 RuntimeOnly:0 HLODRelevant:0 ListedInSceneOutliner:1 IsMainWorldOnly:0
 |   |   |- Guid:28CAA4E24406E1B8F35D44A2E6F53CBC BaseClass:/Game/Ennemy/BP_ennemy.BP_ennemy_C NativeClass:/Script/Engine.Character Name:BP_ennemy_C_UAID_00FF8CAA7CC161B601_1445381447 Label:BP_ennemy23 SpatiallyLoaded:1 Bounds:IsValid=true, Min=(X=3850.921 Y=1991.381 Z=-0.896), Max=(X=3929.482 Y=2219.551 Z=208.335) RuntimeGrid:None EditorOnly:0 RuntimeOnly:0 HLODRelevant:0 ListedInSceneOutliner:1 IsMainWorldOnly:0
 |   |   |- Guid:29240ECB4D585E2ED9026CB9EBD141FB BaseClass:/Game/Ennemy/BP_ennemy.BP_ennemy_C NativeClass:/Script/Engine.Character Name:BP_ennemy_C_UAID_00FF8CAA7CC161B601_1445382448 Label:BP_ennemy24 SpatiallyLoaded:1 Bounds:IsValid=true, Min=(X=4055.373 Y=1776.469 Z=-0.896), Max=(X=4133.935 Y=2004.639 Z=208.335) RuntimeGrid:None EditorOnly:0 RuntimeOnly:0 HLODRelevant:0 ListedInSceneOutliner:1 IsMainWorldOnly:0
 |   |   |- Guid:2EFCFE994492EB35B5E67187DA0B5534 BaseClass: NativeClass:/Script/Engine.StaticMeshActor Name:StaticMeshActor_UAID_00FF8CAA7CC161B601_1308976425 Label:SM_Cube13 SpatiallyLoaded:1 Bounds:IsValid=true, Min=(X=4276.897 Y=2950.251 Z=0.000), Max=(X=4476.897 Y=3150.251 Z=1000.000) RuntimeGrid:None EditorOnly:0 RuntimeOnly:0 HLODRelevant:1 ListedInSceneOutliner:1 IsMainWorldOnly:0 FolderPath:Block01 FolderGuid:7D23E5AE4C2A421F86AF6986D87E6D05
 |   |   |- Guid:2FB58999456391D349DC0F86DAC136ED BaseClass: NativeClass:/Script/Engine.SkyLight Name:SkyLight_1 Label:SkyLight SpatiallyLoaded:0 Bounds:IsValid=true, Min=(X=0.000 Y=0.000 Z=690.000), Max=(X=0.000 Y=0.000 Z=690.000) RuntimeGrid:None EditorOnly:0 RuntimeOnly:0 HLODRelevant:0 ListedInSceneOutliner:1 IsMainWorldOnly:0 FolderPath:Lighting FolderGuid:963EC3EB4002CCE9759E2EBA541A873A
 |   |   |- Guid:2FB844374EC97B5108E3FBA9C9B046FE BaseClass:/Game/Ennemy/BP_ennemy.BP_ennemy_C NativeClass:/Script/Engine.Character Name:BP_ennemy_C_UAID_00FF8CAA7CC161B601_1445378445 Label:BP_ennemy21 SpatiallyLoaded:1 Bounds:IsValid=true, Min=(X=3668.425 Y=2158.286 Z=-0.896), Max=(X=3746.987 Y=2386.457 Z=208.335) RuntimeGrid:None EditorOnly:0 RuntimeOnly:0 HLODRelevant:0 ListedInSceneOutliner:1 IsMainWorldOnly:0
 |   |   |- Guid:316CF2A6494ACA4C0E4180A87D36AB8F BaseClass: NativeClass:/Script/Engine.ExponentialHeightFog Name:ExponentialHeightFog_0 Label:ExponentialHeightFog SpatiallyLoaded:0 Bounds:IsValid=true, Min=(X=-5600.000 Y=-50.000 Z=-6850.000), Max=(X=-5600.000 Y=-50.000 Z=-6850.000) RuntimeGrid:None EditorOnly:0 RuntimeOnly:0 HLODRelevant:0 ListedInSceneOutliner:1 IsMainWorldOnly:0 FolderPath:Lighting FolderGuid:963EC3EB4002CCE9759E2EBA541A873A
 |   |   |- Guid:31D399A0486FF10F7CE2F18B85A5D220 BaseClass:/Game/Ennemy/BP_ennemy.BP_ennemy_C NativeClass:/Script/Engine.Character Name:BP_ennemy_C_UAID_00FF8CAA7CC161B601_1438933432 Label:BP_ennemy8 SpatiallyLoaded:1 Bounds:IsValid=true, Min=(X=3905.577 Y=897.375 Z=-0.896), Max=(X=3984.139 Y=1125.545 Z=208.335) RuntimeGrid:None EditorOnly:0 RuntimeOnly:0 HLODRelevant:0 ListedInSceneOutliner:1 IsMainWorldOnly:0
 |   |   |- Guid:321EF73845C470C1B7FA2698FBD9FAA8 BaseClass: NativeClass:/Script/Engine.StaticMeshActor Name:StaticMeshActor_UAID_00FF8CAA7CC161B601_1317105427 Label:SM_Cube15 SpatiallyLoaded:1 Bounds:IsValid=true, Min=(X=913.475 Y=2987.179 Z=0.000), Max=(X=1113.475 Y=3187.179 Z=1000.000) RuntimeGrid:None EditorOnly:0 RuntimeOnly:0 HLODRelevant:1 ListedInSceneOutliner:1 IsMainWorldOnly:0 FolderPath:Block01 FolderGuid:7D23E5AE4C2A421F86AF6986D87E6D05
 |   |   |- Guid:390C826B4BA7BDA1BDA09DAE0E19506F BaseClass:/Game/Ennemy/BP_ennemy.BP_ennemy_C NativeClass:/Script/Engine.Character Name:BP_ennemy_C_UAID_00FF8CAA7CC161B601_1445376444 Label:BP_ennemy20 SpatiallyLoaded:1 Bounds:IsValid=true, Min=(X=3668.425 Y=1765.083 Z=-0.896), Max=(X=3746.987 Y=1993.254 Z=208.335) RuntimeGrid:None EditorOnly:0 RuntimeOnly:0 HLODRelevant:0 ListedInSceneOutliner:1 IsMainWorldOnly:0
 |   |   |- Guid:3A00AA1C422CE54C0BDB60BAF471BFBB BaseClass: NativeClass:/Script/Engine.PlayerStart Name:PlayerStart_0 Label:PlayerStart SpatiallyLoaded:0 Bounds:IsValid=true, Min=(X=937.893 Y=1097.278 Z=0.013), Max=(X=1017.893 Y=1177.278 Z=184.013) RuntimeGrid:None EditorOnly:0 RuntimeOnly:0 HLODRelevant:0 ListedInSceneOutliner:1 IsMainWorldOnly:0
 |   |   |- Guid:42FC17734FB999027B7871A80F9BD64F BaseClass: NativeClass:/Script/Engine.StaticMeshActor Name:StaticMeshActor_UAID_00FF8CAA7CC1A8B501_1374250864 Label:SM_Cube8 SpatiallyLoaded:1 Bounds:IsValid=true, Min=(X=-8.900 Y=0.000 Z=-0.000), Max=(X=4991.100 Y=100.000 Z=1500.000) RuntimeGrid:None EditorOnly:0 RuntimeOnly:0 HLODRelevant:1 ListedInSceneOutliner:1 IsMainWorldOnly:0 FolderPath:Playground FolderGuid:C73F09FC4215536B1DCE2A9E0A830C70
 |   |   |- Guid:43815E84492231AFC407F59E3C28176B BaseClass: NativeClass:/Script/Engine.StaticMeshActor Name:StaticMeshActor_4 Label:SM_Cube6 SpatiallyLoaded:1 Bounds:IsValid=true, Min=(X=4944.228 Y=100.000 Z=-0.000), Max=(X=5044.228 Y=5100.000 Z=1500.000) RuntimeGrid:None EditorOnly:0 RuntimeOnly:0 HLODRelevant:1 ListedInSceneOutliner:1 IsMainWorldOnly:0 FolderPath:Playground FolderGuid:C73F09FC4215536B1DCE2A9E0A830C70
 |   |   |- Guid:460480DE4F8696B11A4428B85A0D9925 BaseClass: NativeClass:/Script/Engine.StaticMeshActor Name:StaticMeshActor_UAID_00FF8CAA7CC161B601_1311576426 Label:SM_Cube14 SpatiallyLoaded:1 Bounds:IsValid=true, Min=(X=2452.979 Y=3950.516 Z=0.000), Max=(X=2652.979 Y=4150.516 Z=1000.000) RuntimeGrid:None EditorOnly:0 RuntimeOnly:0 HLODRelevant:1 ListedInSceneOutliner:1 IsMainWorldOnly:0 FolderPath:Block01 FolderGuid:7D23E5AE4C2A421F86AF6986D87E6D05
 |   |   |- Guid:478DDB3E44F931735439B183F986AC0C BaseClass:/Game/Ennemy/BP_ennemy.BP_ennemy_C NativeClass:/Script/Engine.Character Name:BP_ennemy_C_UAID_00FF8CAA7CC161B601_1441545437 Label:BP_ennemy13 SpatiallyLoaded:1 Bounds:IsValid=true, Min=(X=4236.070 Y=1132.099 Z=-0.896), Max=(X=4314.632 Y=1360.269 Z=208.335) RuntimeGrid:None EditorOnly:0 RuntimeOnly:0 HLODRelevant:0 ListedInSceneOutliner:1 IsMainWorldOnly:0
 |   |   |- Guid:4B51282D4311275971A01F9E6F69FDE5 BaseClass: NativeClass:/Script/Engine.StaticMeshActor Name:StaticMeshActor_UAID_00FF8CAA7CC1A8B501_1374245863 Label:SM_Cube7 SpatiallyLoaded:1 Bounds:IsValid=true, Min=(X=-51.725 Y=4946.455 Z=-0.000), Max=(X=4948.275 Y=5046.456 Z=1500.000) RuntimeGrid:None EditorOnly:0 RuntimeOnly:0 HLODRelevant:1 ListedInSceneOutliner:1 IsMainWorldOnly:0 FolderPath:Playground FolderGuid:C73F09FC4215536B1DCE2A9E0A830C70
 |   |   |- Guid:4D3BE93F4146AAAC8BBE79999D96D57F BaseClass: NativeClass:/Script/Engine.VolumetricCloud Name:VolumetricCloud_0 Label:VolumetricCloud SpatiallyLoaded:0 Bounds:IsValid=true, Min=(X=0.000 Y=0.000 Z=820.000), Max=(X=0.000 Y=0.000 Z=820.000) RuntimeGrid:None EditorOnly:0 RuntimeOnly:0 HLODRelevant:0 ListedInSceneOutliner:1 IsMainWorldOnly:0 FolderPath:Lighting FolderGuid:963EC3EB4002CCE9759E2EBA541A873A
 |   |   |- Guid:5A80411C47CCC17811D6FC91C3CB4125 BaseClass:/Game/Ennemy/BP_ennemy.BP_ennemy_C NativeClass:/Script/Engine.Character Name:BP_ennemy_C_UAID_00FF8CAA7CC161B601_1441556442 Label:BP_ennemy18 SpatiallyLoaded:1 Bounds:IsValid=true, Min=(X=4623.018 Y=1515.391 Z=-0.896), Max=(X=4701.580 Y=1743.562 Z=208.335) RuntimeGrid:None EditorOnly:0 RuntimeOnly:0 HLODRelevant:0 ListedInSceneOutliner:1 IsMainWorldOnly:0
 |   |   |- Guid:5F0821E042232AFA551F19868D4F1429 BaseClass: NativeClass:/Script/NavigationSystem.RecastNavMesh Name:RecastNavMesh_UAID_98EECBD0681DB4B501-Default Label:RecastNavMesh-Default SpatiallyLoaded:0 Bounds:IsValid=true, Min=(X=0.000 Y=0.000 Z=0.000), Max=(X=0.000 Y=0.000 Z=0.000) RuntimeGrid:None EditorOnly:0 RuntimeOnly:0 HLODRelevant:0 ListedInSceneOutliner:1 IsMainWorldOnly:0
 |   |   |- Guid:64E827124E27EDD0025C7B99317E4ACE BaseClass:/Game/Ennemy/BP_ennemy.BP_ennemy_C NativeClass:/Script/Engine.Character Name:BP_ennemy_C_UAID_60A44CAE640D60B601_1857807248 Label:BP_ennemy3 SpatiallyLoaded:1 Bounds:IsValid=true, Min=(X=3407.061 Y=525.467 Z=-0.896), Max=(X=3485.623 Y=753.638 Z=208.335) RuntimeGrid:None EditorOnly:0 RuntimeOnly:0 HLODRelevant:0 ListedInSceneOutliner:1 IsMainWorldOnly:0
 |   |   |- Guid:65A8BF3D43C3DDFE3FE7A68BFDF0AEB5 BaseClass: NativeClass:/Script/Engine.StaticMeshActor Name:StaticMeshActor_UAID_00FF8CAA7CC161B601_1306556424 Label:SM_Cube12 SpatiallyLoaded:1 Bounds:IsValid=true, Min=(X=2385.708 Y=940.940 Z=0.000), Max=(X=2585.708 Y=1140.940 Z=1000.000) RuntimeGrid:None EditorOnly:0 RuntimeOnly:0 HLODRelevant:1 ListedInSceneOutliner:1 IsMainWorldOnly:0 FolderPath:Block01 FolderGuid:7D23E5AE4C2A421F86AF6986D87E6D05
 |   |   |- Guid:6876E30E4EEDFFC5C84844A033F8AB9B BaseClass: NativeClass:/Script/Engine.StaticMeshActor Name:StaticMeshActor_UAID_00FF8CAA7CC161B601_1294243423 Label:SM_Cube11 SpatiallyLoaded:1 Bounds:IsValid=true, Min=(X=3130.551 Y=1948.714 Z=0.000), Max=(X=3330.551 Y=2148.714 Z=1000.000) RuntimeGrid:None EditorOnly:0 RuntimeOnly:0 HLODRelevant:1 ListedInSceneOutliner:1 IsMainWorldOnly:0 FolderPath:Block01 FolderGuid:7D23E5AE4C2A421F86AF6986D87E6D05
 |   |   |- Guid:6ADB07394E282EEF8988E68455CDDAAF BaseClass:/Game/SpawnPoint.SpawnPoint_C NativeClass:/Script/Engine.Actor Name:SpawnPoint_C_UAID_98EECBD0681DB6B501_1783616328 Label:SpawnPoint SpatiallyLoaded:1 Bounds:IsValid=true, Min=(X=1725.643 Y=1170.295 Z=0.000), Max=(X=1725.643 Y=1170.295 Z=0.000) RuntimeGrid:None EditorOnly:0 RuntimeOnly:0 HLODRelevant:0 ListedInSceneOutliner:1 IsMainWorldOnly:0
 |   |   |- Guid:6BAF4DDD444C60371492D3919DB42C97 BaseClass: NativeClass:/Script/Engine.WorldDataLayers Name:WorldDataLayers Label:WorldDataLayers SpatiallyLoaded:0 Bounds:IsValid=true, Min=(X=0.000 Y=0.000 Z=0.000), Max=(X=0.000 Y=0.000 Z=0.000) RuntimeGrid:None EditorOnly:0 RuntimeOnly:0 HLODRelevant:0 ListedInSceneOutliner:1 IsMainWorldOnly:1
 |   |   |- Guid:71EE5CEA4AD6E1BE3E9B9DB1EE8D1DE8 BaseClass:/Game/Ennemy/BP_ennemy.BP_ennemy_C NativeClass:/Script/Engine.Character Name:BP_ennemy_C_UAID_60A44CAE640D60B601_1850457247 Label:BP_ennemy2 SpatiallyLoaded:1 Bounds:IsValid=true, Min=(X=3407.061 Y=1290.577 Z=-0.896), Max=(X=3485.623 Y=1518.748 Z=208.335) RuntimeGrid:None EditorOnly:0 RuntimeOnly:0 HLODRelevant:0 ListedInSceneOutliner:1 IsMainWorldOnly:0
 |   |   |- Guid:88CC879341ABA4B88D258CB62B412CA9 BaseClass:/Game/Ennemy/BP_ennemy.BP_ennemy_C NativeClass:/Script/Engine.Character Name:BP_ennemy_C_UAID_00FF8CAA7CC161B601_1441552440 Label:BP_ennemy16 SpatiallyLoaded:1 Bounds:IsValid=true, Min=(X=4418.566 Y=1276.625 Z=-0.896), Max=(X=4497.127 Y=1504.796 Z=208.335) RuntimeGrid:None EditorOnly:0 RuntimeOnly:0 HLODRelevant:0 ListedInSceneOutliner:1 IsMainWorldOnly:0
 |   |   |- Guid:8A0039534221405BDDAD8FB96E4FA3D6 BaseClass:/Game/Ennemy/BP_ennemy.BP_ennemy_C NativeClass:/Script/Engine.Character Name:BP_ennemy_C_UAID_00FF8CAA7CC161B601_1438936434 Label:BP_ennemy10 SpatiallyLoaded:1 Bounds:IsValid=true, Min=(X=4088.072 Y=669.994 Z=-0.896), Max=(X=4166.634 Y=898.164 Z=208.335) RuntimeGrid:None EditorOnly:0 RuntimeOnly:0 HLODRelevant:0 ListedInSceneOutliner:1 IsMainWorldOnly:0
 |   |   |- Guid:8D5B139243E6D5932BBD46BFD3884D84 BaseClass:/Game/Ennemy/BP_ennemy.BP_ennemy_C NativeClass:/Script/Engine.Character Name:BP_ennemy_C_UAID_00FF8CAA7CC161B601_1441550439 Label:BP_ennemy15 SpatiallyLoaded:1 Bounds:IsValid=true, Min=(X=4236.070 Y=1897.209 Z=-0.896), Max=(X=4314.632 Y=2125.379 Z=208.335) RuntimeGrid:None EditorOnly:0 RuntimeOnly:0 HLODRelevant:0 ListedInSceneOutliner:1 IsMainWorldOnly:0
 |   |   |- Guid:961864A84FF6F65B68F2A3BE5819D538 BaseClass: NativeClass:/Script/Engine.StaticMeshActor Name:StaticMeshActor_8 Label:SM_Cube4 SpatiallyLoaded:1 Bounds:IsValid=true, Min=(X=1200.000 Y=1700.000 Z=0.000), Max=(X=1800.000 Y=2200.000 Z=200.000) RuntimeGrid:None EditorOnly:0 RuntimeOnly:0 HLODRelevant:1 ListedInSceneOutliner:1 IsMainWorldOnly:0 FolderPath:Block01 FolderGuid:7D23E5AE4C2A421F86AF6986D87E6D05
 |   |   |- Guid:A264406A47A8A51866C2D0AD66A2A813 BaseClass:/Game/Ennemy/BP_ennemy.BP_ennemy_C NativeClass:/Script/Engine.Character Name:BP_ennemy_C_UAID_60A44CAE640D57B601_1805651663 Label:BP_ennemy SpatiallyLoaded:1 Bounds:IsValid=true, Min=(X=3407.061 Y=897.375 Z=-0.896), Max=(X=3485.623 Y=1125.545 Z=208.335) RuntimeGrid:None EditorOnly:0 RuntimeOnly:0 HLODRelevant:0 ListedInSceneOutliner:1 IsMainWorldOnly:0
 |   |   |- Guid:A44BC1EF43DC69C84A8F74BA30CBD248 BaseClass:/Game/Ennemy/BP_ennemy.BP_ennemy_C NativeClass:/Script/Engine.Character Name:BP_ennemy_C_UAID_00FF8CAA7CC161B601_1441554441 Label:BP_ennemy17 SpatiallyLoaded:1 Bounds:IsValid=true, Min=(X=4418.566 Y=1730.303 Z=-0.896), Max=(X=4497.127 Y=1958.474 Z=208.335) RuntimeGrid:None EditorOnly:0 RuntimeOnly:0 HLODRelevant:0 ListedInSceneOutliner:1 IsMainWorldOnly:0
 |   |   |- Guid:A56216954B2165CF0F35A886B537D536 BaseClass: NativeClass:/Script/Engine.StaticMeshActor Name:StaticMeshActor_0 Label:SM_Cube5 SpatiallyLoaded:1 Bounds:IsValid=true, Min=(X=-0.000 Y=100.000 Z=0.000), Max=(X=100.000 Y=5100.000 Z=1500.000) RuntimeGrid:None EditorOnly:0 RuntimeOnly:0 HLODRelevant:1 ListedInSceneOutliner:1 IsMainWorldOnly:0 FolderPath:Playground FolderGuid:C73F09FC4215536B1DCE2A9E0A830C70
 |   |   |- Guid:AA30A83A444C4A8E43B564BD5F1DE135 BaseClass:/Game/Ennemy/BP_ennemy.BP_ennemy_C NativeClass:/Script/Engine.Character Name:BP_ennemy_C_UAID_00FF8CAA7CC161B601_1441548438 Label:BP_ennemy14 SpatiallyLoaded:1 Bounds:IsValid=true, Min=(X=4236.070 Y=1504.006 Z=-0.896), Max=(X=4314.632 Y=1732.176 Z=208.335) RuntimeGrid:None EditorOnly:0 RuntimeOnly:0 HLODRelevant:0 ListedInSceneOutliner:1 IsMainWorldOnly:0
 |   |   |- Guid:AB74120142217676C6EC818E6B49412B BaseClass: NativeClass:/Script/Engine.StaticMeshActor Name:StaticMeshActor_15 Label:SM_Cube10 SpatiallyLoaded:1 Bounds:IsValid=true, Min=(X=1800.000 Y=2100.000 Z=100.000), Max=(X=2000.000 Y=2200.000 Z=200.000) RuntimeGrid:None EditorOnly:0 RuntimeOnly:0 HLODRelevant:1 ListedInSceneOutliner:1 IsMainWorldOnly:0 FolderPath:Block01 FolderGuid:7D23E5AE4C2A421F86AF6986D87E6D05
 |   |   |- Guid:B785ED2844B84CFB91E7F39FE661CD99 BaseClass: NativeClass:/Script/Engine.DirectionalLight Name:DirectionalLight_0 Label:DirectionalLight SpatiallyLoaded:0 Bounds:IsValid=true, Min=(X=-1048576.000 Y=-1048576.000 Z=-1048576.000), Max=(X=1048576.000 Y=1048576.000 Z=1048576.000) RuntimeGrid:None EditorOnly:0 RuntimeOnly:0 HLODRelevant:0 ListedInSceneOutliner:1 IsMainWorldOnly:0 FolderPath:Lighting FolderGuid:963EC3EB4002CCE9759E2EBA541A873A
 |   |   |- Guid:C15C2C8D4EA4ADE0BD1349AFD814988B BaseClass: NativeClass:/Script/Engine.StaticMeshActor Name:StaticMeshActor_14 Label:SM_Ramp3 SpatiallyLoaded:1 Bounds:IsValid=true, Min=(X=1800.000 Y=1700.000 Z=100.000), Max=(X=2000.000 Y=2100.000 Z=200.000) RuntimeGrid:None EditorOnly:0 RuntimeOnly:0 HLODRelevant:1 ListedInSceneOutliner:1 IsMainWorldOnly:0 FolderPath:Block01 FolderGuid:7D23E5AE4C2A421F86AF6986D87E6D05
 |   |   |- Guid:C55F7266486155EA362866824CA04D09 BaseClass:/Game/Ennemy/BP_ennemy.BP_ennemy_C NativeClass:/Script/Engine.Character Name:BP_ennemy_C_UAID_00FF8CAA7CC161B601_1438935433 Label:BP_ennemy9 SpatiallyLoaded:1 Bounds:IsValid=true, Min=(X=3905.577 Y=1290.577 Z=-0.896), Max=(X=3984.139 Y=1518.748 Z=208.335) RuntimeGrid:None EditorOnly:0 RuntimeOnly:0 HLODRelevant:0 ListedInSceneOutliner:1 IsMainWorldOnly:0
 |   |   |- Guid:CC5435264906D452263BE2B47222F1F1 BaseClass:/Game/Ennemy/BP_ennemy.BP_ennemy_C NativeClass:/Script/Engine.Character Name:BP_ennemy_C_UAID_00FF8CAA7CC161B601_1438940436 Label:BP_ennemy12 SpatiallyLoaded:1 Bounds:IsValid=true, Min=(X=4292.525 Y=908.760 Z=-0.896), Max=(X=4371.087 Y=1136.930 Z=208.335) RuntimeGrid:None EditorOnly:0 RuntimeOnly:0 HLODRelevant:0 ListedInSceneOutliner:1 IsMainWorldOnly:0
 |   |   |- Guid:CCFF262C46EEFFDF319E7F9539CE697E BaseClass: NativeClass:/Script/Engine.SkyAtmosphere Name:SkyAtmosphere_0 Label:SkyAtmosphere SpatiallyLoaded:0 Bounds:IsValid=true, Min=(X=0.000 Y=0.000 Z=1020.000), Max=(X=0.000 Y=0.000 Z=1020.000) RuntimeGrid:None EditorOnly:0 RuntimeOnly:0 HLODRelevant:0 ListedInSceneOutliner:1 IsMainWorldOnly:0 FolderPath:Lighting FolderGuid:963EC3EB4002CCE9759E2EBA541A873A
 |   |   |- Guid:CEAE913C430CE1AC322943BE300EC357 BaseClass:/Game/Ennemy/BP_ennemy.BP_ennemy_C NativeClass:/Script/Engine.Character Name:BP_ennemy_C_UAID_00FF8CAA7CC161B601_1403938428 Label:BP_ennemy4 SpatiallyLoaded:1 Bounds:IsValid=true, Min=(X=3589.556 Y=669.994 Z=-0.896), Max=(X=3668.118 Y=898.164 Z=208.335) RuntimeGrid:None EditorOnly:0 RuntimeOnly:0 HLODRelevant:0 ListedInSceneOutliner:1 IsMainWorldOnly:0
 |   |   |- Guid:E7B1088341F6B93BC50048BD13F942A1 BaseClass:/Game/Ennemy/BP_ennemy.BP_ennemy_C NativeClass:/Script/Engine.Character Name:BP_ennemy_C_UAID_00FF8CAA7CC161B601_1408424429 Label:BP_ennemy5 SpatiallyLoaded:1 Bounds:IsValid=true, Min=(X=3589.556 Y=1123.672 Z=-0.896), Max=(X=3668.118 Y=1351.842 Z=208.335) RuntimeGrid:None EditorOnly:0 RuntimeOnly:0 HLODRelevant:0 ListedInSceneOutliner:1 IsMainWorldOnly:0
 |   |   |- Guid:EA9C4E964E40FA47B3B0D9B4264AAFA9 BaseClass:/Game/Ennemy/BP_ennemy.BP_ennemy_C NativeClass:/Script/Engine.Character Name:BP_ennemy_C_UAID_00FF8CAA7CC161B601_1410204430 Label:BP_ennemy6 SpatiallyLoaded:1 Bounds:IsValid=true, Min=(X=3794.009 Y=908.760 Z=-0.896), Max=(X=3872.570 Y=1136.930 Z=208.335) RuntimeGrid:None EditorOnly:0 RuntimeOnly:0 HLODRelevant:0 ListedInSceneOutliner:1 IsMainWorldOnly:0
 |   |   |- Guid:EC4E0C944CE6AC6E784BC6BB2916EA13 BaseClass: NativeClass:/Script/Engine.StaticMeshActor Name:StaticMeshActor_UAID_A4AE111137DC5EFB00_1110535423 Label:SM_SkySphere SpatiallyLoaded:0 Bounds:IsValid=true, Min=(X=-1638400.000 Y=-1638400.000 Z=-1638400.000), Max=(X=1638400.000 Y=1638400.000 Z=1638400.000) RuntimeGrid:None EditorOnly:0 RuntimeOnly:0 HLODRelevant:1 ListedInSceneOutliner:1 IsMainWorldOnly:0 FolderPath:Lighting FolderGuid:963EC3EB4002CCE9759E2EBA541A873A
 |   |   |- Guid:ECC6ED364458AADB0B56A08A3BF931F0 BaseClass:/Game/Ennemy/BP_ennemy.BP_ennemy_C NativeClass:/Script/Engine.Character Name:BP_ennemy_C_UAID_00FF8CAA7CC161B601_1438930431 Label:BP_ennemy7 SpatiallyLoaded:1 Bounds:IsValid=true, Min=(X=3905.577 Y=525.467 Z=-0.896), Max=(X=3984.139 Y=753.638 Z=208.335) RuntimeGrid:None EditorOnly:0 RuntimeOnly:0 HLODRelevant:0 ListedInSceneOutliner:1 IsMainWorldOnly:0
 |   |   |- Guid:EDAA34A64E50B17535C2EB826C12557D BaseClass: NativeClass:/Script/Engine.StaticMeshActor Name:StaticMeshActor_9 Label:SM_Ramp2 SpatiallyLoaded:1 Bounds:IsValid=true, Min=(X=1400.000 Y=1500.000 Z=0.000), Max=(X=1800.000 Y=1700.000 Z=100.000) RuntimeGrid:None EditorOnly:0 RuntimeOnly:0 HLODRelevant:1 ListedInSceneOutliner:1 IsMainWorldOnly:0 FolderPath:Block01 FolderGuid:7D23E5AE4C2A421F86AF6986D87E6D05
 |   |   |- Guid:F1924B8D48954B30891B2DB6A694F9CC BaseClass: NativeClass:/Script/Engine.StaticMeshActor Name:StaticMeshActor_1 Label:SM_Cube SpatiallyLoaded:1 Bounds:IsValid=true, Min=(X=0.000 Y=0.000 Z=-50.000), Max=(X=5000.000 Y=5000.000 Z=0.000) RuntimeGrid:None EditorOnly:0 RuntimeOnly:0 HLODRelevant:1 ListedInSceneOutliner:1 IsMainWorldOnly:0 FolderPath:Playground FolderGuid:C73F09FC4215536B1DCE2A9E0A830C70
 |   |   |- Guid:F5E3FEB3450C49844FD93DA8E083C8AD BaseClass: NativeClass:/Script/Engine.PostProcessVolume Name:PostProcessVolume_0 Label:PostProcessVolume SpatiallyLoaded:0 Bounds:IsValid=true, Min=(X=0.000 Y=0.000 Z=400.000), Max=(X=200.000 Y=200.000 Z=600.000) RuntimeGrid:None EditorOnly:0 RuntimeOnly:0 HLODRelevant:0 ListedInSceneOutliner:1 IsMainWorldOnly:0 FolderPath:Lighting FolderGuid:963EC3EB4002CCE9759E2EBA541A873A
 |   |- [+] Clusters:
 |   |   |- [+] [  0]
 |   |   |   |- Guid:04F9C4684B14CA9F839306B79448489E BaseClass: NativeClass:/Script/NavigationSystem.NavMeshBoundsVolume Name:NavMeshBoundsVolume_UAID_98EECBD0681DB4B501_1908585976 Label:NavMeshBoundsVolume SpatiallyLoaded:0 Bounds:IsValid=true, Min=(X=-408.089 Y=-324.799 Z=-25.475), Max=(X=5191.911 Y=5755.201 Z=174.525) RuntimeGrid:None EditorOnly:0 RuntimeOnly:0 HLODRelevant:0 ListedInSceneOutliner:1 IsMainWorldOnly:0
 |   |   |- [+] [  1]
 |   |   |   |- Guid:0A733B864C327F0B589EC8BBDD0265BC BaseClass: NativeClass:/Script/Engine.StaticMeshActor Name:StaticMeshActor_13 Label:SM_Cube9 SpatiallyLoaded:1 Bounds:IsValid=true, Min=(X=1800.000 Y=1500.000 Z=0.000), Max=(X=2000.000 Y=2200.000 Z=100.000) RuntimeGrid:None EditorOnly:0 RuntimeOnly:0 HLODRelevant:1 ListedInSceneOutliner:1 IsMainWorldOnly:0 FolderPath:Block01 FolderGuid:7D23E5AE4C2A421F86AF6986D87E6D05
 |   |   |- [+] [  2]
 |   |   |   |- Guid:13B34CBA4B7D47EBFD29ABB94619FEEE BaseClass:/Game/Weapon/M4A1/BP_M4A1.BP_M4A1_C NativeClass:/Script/Engine.Actor Name:BP_M4A1_C_UAID_98EECBD0681D85B501_1131085706 Label:BP_M4A1 SpatiallyLoaded:1 Bounds:IsValid=true, Min=(X=1091.746 Y=943.251 Z=8.131), Max=(X=1155.746 Y=1057.228 Z=77.466) RuntimeGrid:None EditorOnly:0 RuntimeOnly:0 HLODRelevant:0 ListedInSceneOutliner:1 IsMainWorldOnly:0
 |   |   |- [+] [  3]
 |   |   |   |- Guid:1920E75F44549FD6BA4E79AA69089116 BaseClass:/Game/Ennemy/BP_ennemy.BP_ennemy_C NativeClass:/Script/Engine.Character Name:BP_ennemy_C_UAID_00FF8CAA7CC161B601_1438938435 Label:BP_ennemy11 SpatiallyLoaded:1 Bounds:IsValid=true, Min=(X=4088.072 Y=1123.672 Z=-0.896), Max=(X=4166.634 Y=1351.842 Z=208.335) RuntimeGrid:None EditorOnly:0 RuntimeOnly:0 HLODRelevant:0 ListedInSceneOutliner:1 IsMainWorldOnly:0
 |   |   |- [+] [  4]
 |   |   |   |- Guid:1E502FA645204B70088E0096411898E5 BaseClass:/Game/Ennemy/BP_ennemy.BP_ennemy_C NativeClass:/Script/Engine.Character Name:BP_ennemy_C_UAID_00FF8CAA7CC161B601_1445374443 Label:BP_ennemy19 SpatiallyLoaded:1 Bounds:IsValid=true, Min=(X=3668.425 Y=1393.176 Z=-0.896), Max=(X=3746.987 Y=1621.347 Z=208.335) RuntimeGrid:None EditorOnly:0 RuntimeOnly:0 HLODRelevant:0 ListedInSceneOutliner:1 IsMainWorldOnly:0
 |   |   |- [+] [  5]
 |   |   |   |- Guid:2806416E4377FB3759B52DA8047FBA1A BaseClass:/Game/Ennemy/BP_ennemy.BP_ennemy_C NativeClass:/Script/Engine.Character Name:BP_ennemy_C_UAID_00FF8CAA7CC161B601_1445379446 Label:BP_ennemy22 SpatiallyLoaded:1 Bounds:IsValid=true, Min=(X=3850.921 Y=1537.703 Z=-0.896), Max=(X=3929.482 Y=1765.873 Z=208.335) RuntimeGrid:None EditorOnly:0 RuntimeOnly:0 HLODRelevant:0 ListedInSceneOutliner:1 IsMainWorldOnly:0
 |   |   |- [+] [  6]
 |   |   |   |- Guid:28CAA4E24406E1B8F35D44A2E6F53CBC BaseClass:/Game/Ennemy/BP_ennemy.BP_ennemy_C NativeClass:/Script/Engine.Character Name:BP_ennemy_C_UAID_00FF8CAA7CC161B601_1445381447 Label:BP_ennemy23 SpatiallyLoaded:1 Bounds:IsValid=true, Min=(X=3850.921 Y=1991.381 Z=-0.896), Max=(X=3929.482 Y=2219.551 Z=208.335) RuntimeGrid:None EditorOnly:0 RuntimeOnly:0 HLODRelevant:0 ListedInSceneOutliner:1 IsMainWorldOnly:0
 |   |   |- [+] [  7]
 |   |   |   |- Guid:29240ECB4D585E2ED9026CB9EBD141FB BaseClass:/Game/Ennemy/BP_ennemy.BP_ennemy_C NativeClass:/Script/Engine.Character Name:BP_ennemy_C_UAID_00FF8CAA7CC161B601_1445382448 Label:BP_ennemy24 SpatiallyLoaded:1 Bounds:IsValid=true, Min=(X=4055.373 Y=1776.469 Z=-0.896), Max=(X=4133.935 Y=2004.639 Z=208.335) RuntimeGrid:None EditorOnly:0 RuntimeOnly:0 HLODRelevant:0 ListedInSceneOutliner:1 IsMainWorldOnly:0
 |   |   |- [+] [  8]
 |   |   |   |- Guid:2EFCFE994492EB35B5E67187DA0B5534 BaseClass: NativeClass:/Script/Engine.StaticMeshActor Name:StaticMeshActor_UAID_00FF8CAA7CC161B601_1308976425 Label:SM_Cube13 SpatiallyLoaded:1 Bounds:IsValid=true, Min=(X=4276.897 Y=2950.251 Z=0.000), Max=(X=4476.897 Y=3150.251 Z=1000.000) RuntimeGrid:None EditorOnly:0 RuntimeOnly:0 HLODRelevant:1 ListedInSceneOutliner:1 IsMainWorldOnly:0 FolderPath:Block01 FolderGuid:7D23E5AE4C2A421F86AF6986D87E6D05
 |   |   |- [+] [  9]
 |   |   |   |- Guid:2FB58999456391D349DC0F86DAC136ED BaseClass: NativeClass:/Script/Engine.SkyLight Name:SkyLight_1 Label:SkyLight SpatiallyLoaded:0 Bounds:IsValid=true, Min=(X=0.000 Y=0.000 Z=690.000), Max=(X=0.000 Y=0.000 Z=690.000) RuntimeGrid:None EditorOnly:0 RuntimeOnly:0 HLODRelevant:0 ListedInSceneOutliner:1 IsMainWorldOnly:0 FolderPath:Lighting FolderGuid:963EC3EB4002CCE9759E2EBA541A873A
 |   |   |- [+] [ 10]
 |   |   |   |- Guid:2FB844374EC97B5108E3FBA9C9B046FE BaseClass:/Game/Ennemy/BP_ennemy.BP_ennemy_C NativeClass:/Script/Engine.Character Name:BP_ennemy_C_UAID_00FF8CAA7CC161B601_1445378445 Label:BP_ennemy21 SpatiallyLoaded:1 Bounds:IsValid=true, Min=(X=3668.425 Y=2158.286 Z=-0.896), Max=(X=3746.987 Y=2386.457 Z=208.335) RuntimeGrid:None EditorOnly:0 RuntimeOnly:0 HLODRelevant:0 ListedInSceneOutliner:1 IsMainWorldOnly:0
 |   |   |- [+] [ 11]
 |   |   |   |- Guid:316CF2A6494ACA4C0E4180A87D36AB8F BaseClass: NativeClass:/Script/Engine.ExponentialHeightFog Name:ExponentialHeightFog_0 Label:ExponentialHeightFog SpatiallyLoaded:0 Bounds:IsValid=true, Min=(X=-5600.000 Y=-50.000 Z=-6850.000), Max=(X=-5600.000 Y=-50.000 Z=-6850.000) RuntimeGrid:None EditorOnly:0 RuntimeOnly:0 HLODRelevant:0 ListedInSceneOutliner:1 IsMainWorldOnly:0 FolderPath:Lighting FolderGuid:963EC3EB4002CCE9759E2EBA541A873A
 |   |   |- [+] [ 12]
 |   |   |   |- Guid:31D399A0486FF10F7CE2F18B85A5D220 BaseClass:/Game/Ennemy/BP_ennemy.BP_ennemy_C NativeClass:/Script/Engine.Character Name:BP_ennemy_C_UAID_00FF8CAA7CC161B601_1438933432 Label:BP_ennemy8 SpatiallyLoaded:1 Bounds:IsValid=true, Min=(X=3905.577 Y=897.375 Z=-0.896), Max=(X=3984.139 Y=1125.545 Z=208.335) RuntimeGrid:None EditorOnly:0 RuntimeOnly:0 HLODRelevant:0 ListedInSceneOutliner:1 IsMainWorldOnly:0
 |   |   |- [+] [ 13]
 |   |   |   |- Guid:321EF73845C470C1B7FA2698FBD9FAA8 BaseClass: NativeClass:/Script/Engine.StaticMeshActor Name:StaticMeshActor_UAID_00FF8CAA7CC161B601_1317105427 Label:SM_Cube15 SpatiallyLoaded:1 Bounds:IsValid=true, Min=(X=913.475 Y=2987.179 Z=0.000), Max=(X=1113.475 Y=3187.179 Z=1000.000) RuntimeGrid:None EditorOnly:0 RuntimeOnly:0 HLODRelevant:1 ListedInSceneOutliner:1 IsMainWorldOnly:0 FolderPath:Block01 FolderGuid:7D23E5AE4C2A421F86AF6986D87E6D05
 |   |   |- [+] [ 14]
 |   |   |   |- Guid:390C826B4BA7BDA1BDA09DAE0E19506F BaseClass:/Game/Ennemy/BP_ennemy.BP_ennemy_C NativeClass:/Script/Engine.Character Name:BP_ennemy_C_UAID_00FF8CAA7CC161B601_1445376444 Label:BP_ennemy20 SpatiallyLoaded:1 Bounds:IsValid=true, Min=(X=3668.425 Y=1765.083 Z=-0.896), Max=(X=3746.987 Y=1993.254 Z=208.335) RuntimeGrid:None EditorOnly:0 RuntimeOnly:0 HLODRelevant:0 ListedInSceneOutliner:1 IsMainWorldOnly:0
 |   |   |- [+] [ 15]
 |   |   |   |- Guid:3A00AA1C422CE54C0BDB60BAF471BFBB BaseClass: NativeClass:/Script/Engine.PlayerStart Name:PlayerStart_0 Label:PlayerStart SpatiallyLoaded:0 Bounds:IsValid=true, Min=(X=937.893 Y=1097.278 Z=0.013), Max=(X=1017.893 Y=1177.278 Z=184.013) RuntimeGrid:None EditorOnly:0 RuntimeOnly:0 HLODRelevant:0 ListedInSceneOutliner:1 IsMainWorldOnly:0
 |   |   |- [+] [ 16]
 |   |   |   |- Guid:42FC17734FB999027B7871A80F9BD64F BaseClass: NativeClass:/Script/Engine.StaticMeshActor Name:StaticMeshActor_UAID_00FF8CAA7CC1A8B501_1374250864 Label:SM_Cube8 SpatiallyLoaded:1 Bounds:IsValid=true, Min=(X=-8.900 Y=0.000 Z=-0.000), Max=(X=4991.100 Y=100.000 Z=1500.000) RuntimeGrid:None EditorOnly:0 RuntimeOnly:0 HLODRelevant:1 ListedInSceneOutliner:1 IsMainWorldOnly:0 FolderPath:Playground FolderGuid:C73F09FC4215536B1DCE2A9E0A830C70
 |   |   |- [+] [ 17]
 |   |   |   |- Guid:43815E84492231AFC407F59E3C28176B BaseClass: NativeClass:/Script/Engine.StaticMeshActor Name:StaticMeshActor_4 Label:SM_Cube6 SpatiallyLoaded:1 Bounds:IsValid=true, Min=(X=4944.228 Y=100.000 Z=-0.000), Max=(X=5044.228 Y=5100.000 Z=1500.000) RuntimeGrid:None EditorOnly:0 RuntimeOnly:0 HLODRelevant:1 ListedInSceneOutliner:1 IsMainWorldOnly:0 FolderPath:Playground FolderGuid:C73F09FC4215536B1DCE2A9E0A830C70
 |   |   |- [+] [ 18]
 |   |   |   |- Guid:460480DE4F8696B11A4428B85A0D9925 BaseClass: NativeClass:/Script/Engine.StaticMeshActor Name:StaticMeshActor_UAID_00FF8CAA7CC161B601_1311576426 Label:SM_Cube14 SpatiallyLoaded:1 Bounds:IsValid=true, Min=(X=2452.979 Y=3950.516 Z=0.000), Max=(X=2652.979 Y=4150.516 Z=1000.000) RuntimeGrid:None EditorOnly:0 RuntimeOnly:0 HLODRelevant:1 ListedInSceneOutliner:1 IsMainWorldOnly:0 FolderPath:Block01 FolderGuid:7D23E5AE4C2A421F86AF6986D87E6D05
 |   |   |- [+] [ 19]
 |   |   |   |- Guid:478DDB3E44F931735439B183F986AC0C BaseClass:/Game/Ennemy/BP_ennemy.BP_ennemy_C NativeClass:/Script/Engine.Character Name:BP_ennemy_C_UAID_00FF8CAA7CC161B601_1441545437 Label:BP_ennemy13 SpatiallyLoaded:1 Bounds:IsValid=true, Min=(X=4236.070 Y=1132.099 Z=-0.896), Max=(X=4314.632 Y=1360.269 Z=208.335) RuntimeGrid:None EditorOnly:0 RuntimeOnly:0 HLODRelevant:0 ListedInSceneOutliner:1 IsMainWorldOnly:0
 |   |   |- [+] [ 20]
 |   |   |   |- Guid:4B51282D4311275971A01F9E6F69FDE5 BaseClass: NativeClass:/Script/Engine.StaticMeshActor Name:StaticMeshActor_UAID_00FF8CAA7CC1A8B501_1374245863 Label:SM_Cube7 SpatiallyLoaded:1 Bounds:IsValid=true, Min=(X=-51.725 Y=4946.455 Z=-0.000), Max=(X=4948.275 Y=5046.456 Z=1500.000) RuntimeGrid:None EditorOnly:0 RuntimeOnly:0 HLODRelevant:1 ListedInSceneOutliner:1 IsMainWorldOnly:0 FolderPath:Playground FolderGuid:C73F09FC4215536B1DCE2A9E0A830C70
 |   |   |- [+] [ 21]
 |   |   |   |- Guid:4D3BE93F4146AAAC8BBE79999D96D57F BaseClass: NativeClass:/Script/Engine.VolumetricCloud Name:VolumetricCloud_0 Label:VolumetricCloud SpatiallyLoaded:0 Bounds:IsValid=true, Min=(X=0.000 Y=0.000 Z=820.000), Max=(X=0.000 Y=0.000 Z=820.000) RuntimeGrid:None EditorOnly:0 RuntimeOnly:0 HLODRelevant:0 ListedInSceneOutliner:1 IsMainWorldOnly:0 FolderPath:Lighting FolderGuid:963EC3EB4002CCE9759E2EBA541A873A
 |   |   |- [+] [ 22]
 |   |   |   |- Guid:5A80411C47CCC17811D6FC91C3CB4125 BaseClass:/Game/Ennemy/BP_ennemy.BP_ennemy_C NativeClass:/Script/Engine.Character Name:BP_ennemy_C_UAID_00FF8CAA7CC161B601_1441556442 Label:BP_ennemy18 SpatiallyLoaded:1 Bounds:IsValid=true, Min=(X=4623.018 Y=1515.391 Z=-0.896), Max=(X=4701.580 Y=1743.562 Z=208.335) RuntimeGrid:None EditorOnly:0 RuntimeOnly:0 HLODRelevant:0 ListedInSceneOutliner:1 IsMainWorldOnly:0
 |   |   |- [+] [ 23]
 |   |   |   |- Guid:5F0821E042232AFA551F19868D4F1429 BaseClass: NativeClass:/Script/NavigationSystem.RecastNavMesh Name:RecastNavMesh_UAID_98EECBD0681DB4B501-Default Label:RecastNavMesh-Default SpatiallyLoaded:0 Bounds:IsValid=true, Min=(X=0.000 Y=0.000 Z=0.000), Max=(X=0.000 Y=0.000 Z=0.000) RuntimeGrid:None EditorOnly:0 RuntimeOnly:0 HLODRelevant:0 ListedInSceneOutliner:1 IsMainWorldOnly:0
 |   |   |- [+] [ 24]
 |   |   |   |- Guid:64E827124E27EDD0025C7B99317E4ACE BaseClass:/Game/Ennemy/BP_ennemy.BP_ennemy_C NativeClass:/Script/Engine.Character Name:BP_ennemy_C_UAID_60A44CAE640D60B601_1857807248 Label:BP_ennemy3 SpatiallyLoaded:1 Bounds:IsValid=true, Min=(X=3407.061 Y=525.467 Z=-0.896), Max=(X=3485.623 Y=753.638 Z=208.335) RuntimeGrid:None EditorOnly:0 RuntimeOnly:0 HLODRelevant:0 ListedInSceneOutliner:1 IsMainWorldOnly:0
 |   |   |- [+] [ 25]
 |   |   |   |- Guid:65A8BF3D43C3DDFE3FE7A68BFDF0AEB5 BaseClass: NativeClass:/Script/Engine.StaticMeshActor Name:StaticMeshActor_UAID_00FF8CAA7CC161B601_1306556424 Label:SM_Cube12 SpatiallyLoaded:1 Bounds:IsValid=true, Min=(X=2385.708 Y=940.940 Z=0.000), Max=(X=2585.708 Y=1140.940 Z=1000.000) RuntimeGrid:None EditorOnly:0 RuntimeOnly:0 HLODRelevant:1 ListedInSceneOutliner:1 IsMainWorldOnly:0 FolderPath:Block01 FolderGuid:7D23E5AE4C2A421F86AF6986D87E6D05
 |   |   |- [+] [ 26]
 |   |   |   |- Guid:6876E30E4EEDFFC5C84844A033F8AB9B BaseClass: NativeClass:/Script/Engine.StaticMeshActor Name:StaticMeshActor_UAID_00FF8CAA7CC161B601_1294243423 Label:SM_Cube11 SpatiallyLoaded:1 Bounds:IsValid=true, Min=(X=3130.551 Y=1948.714 Z=0.000), Max=(X=3330.551 Y=2148.714 Z=1000.000) RuntimeGrid:None EditorOnly:0 RuntimeOnly:0 HLODRelevant:1 ListedInSceneOutliner:1 IsMainWorldOnly:0 FolderPath:Block01 FolderGuid:7D23E5AE4C2A421F86AF6986D87E6D05
 |   |   |- [+] [ 27]
 |   |   |   |- Guid:6ADB07394E282EEF8988E68455CDDAAF BaseClass:/Game/SpawnPoint.SpawnPoint_C NativeClass:/Script/Engine.Actor Name:SpawnPoint_C_UAID_98EECBD0681DB6B501_1783616328 Label:SpawnPoint SpatiallyLoaded:1 Bounds:IsValid=true, Min=(X=1725.643 Y=1170.295 Z=0.000), Max=(X=1725.643 Y=1170.295 Z=0.000) RuntimeGrid:None EditorOnly:0 RuntimeOnly:0 HLODRelevant:0 ListedInSceneOutliner:1 IsMainWorldOnly:0
 |   |   |- [+] [ 28]
 |   |   |   |- Guid:6BAF4DDD444C60371492D3919DB42C97 BaseClass: NativeClass:/Script/Engine.WorldDataLayers Name:WorldDataLayers Label:WorldDataLayers SpatiallyLoaded:0 Bounds:IsValid=true, Min=(X=0.000 Y=0.000 Z=0.000), Max=(X=0.000 Y=0.000 Z=0.000) RuntimeGrid:None EditorOnly:0 RuntimeOnly:0 HLODRelevant:0 ListedInSceneOutliner:1 IsMainWorldOnly:1
 |   |   |- [+] [ 29]
 |   |   |   |- Guid:71EE5CEA4AD6E1BE3E9B9DB1EE8D1DE8 BaseClass:/Game/Ennemy/BP_ennemy.BP_ennemy_C NativeClass:/Script/Engine.Character Name:BP_ennemy_C_UAID_60A44CAE640D60B601_1850457247 Label:BP_ennemy2 SpatiallyLoaded:1 Bounds:IsValid=true, Min=(X=3407.061 Y=1290.577 Z=-0.896), Max=(X=3485.623 Y=1518.748 Z=208.335) RuntimeGrid:None EditorOnly:0 RuntimeOnly:0 HLODRelevant:0 ListedInSceneOutliner:1 IsMainWorldOnly:0
 |   |   |- [+] [ 30]
 |   |   |   |- Guid:88CC879341ABA4B88D258CB62B412CA9 BaseClass:/Game/Ennemy/BP_ennemy.BP_ennemy_C NativeClass:/Script/Engine.Character Name:BP_ennemy_C_UAID_00FF8CAA7CC161B601_1441552440 Label:BP_ennemy16 SpatiallyLoaded:1 Bounds:IsValid=true, Min=(X=4418.566 Y=1276.625 Z=-0.896), Max=(X=4497.127 Y=1504.796 Z=208.335) RuntimeGrid:None EditorOnly:0 RuntimeOnly:0 HLODRelevant:0 ListedInSceneOutliner:1 IsMainWorldOnly:0
 |   |   |- [+] [ 31]
 |   |   |   |- Guid:8A0039534221405BDDAD8FB96E4FA3D6 BaseClass:/Game/Ennemy/BP_ennemy.BP_ennemy_C NativeClass:/Script/Engine.Character Name:BP_ennemy_C_UAID_00FF8CAA7CC161B601_1438936434 Label:BP_ennemy10 SpatiallyLoaded:1 Bounds:IsValid=true, Min=(X=4088.072 Y=669.994 Z=-0.896), Max=(X=4166.634 Y=898.164 Z=208.335) RuntimeGrid:None EditorOnly:0 RuntimeOnly:0 HLODRelevant:0 ListedInSceneOutliner:1 IsMainWorldOnly:0
 |   |   |- [+] [ 32]
 |   |   |   |- Guid:8D5B139243E6D5932BBD46BFD3884D84 BaseClass:/Game/Ennemy/BP_ennemy.BP_ennemy_C NativeClass:/Script/Engine.Character Name:BP_ennemy_C_UAID_00FF8CAA7CC161B601_1441550439 Label:BP_ennemy15 SpatiallyLoaded:1 Bounds:IsValid=true, Min=(X=4236.070 Y=1897.209 Z=-0.896), Max=(X=4314.632 Y=2125.379 Z=208.335) RuntimeGrid:None EditorOnly:0 RuntimeOnly:0 HLODRelevant:0 ListedInSceneOutliner:1 IsMainWorldOnly:0
 |   |   |- [+] [ 33]
 |   |   |   |- Guid:961864A84FF6F65B68F2A3BE5819D538 BaseClass: NativeClass:/Script/Engine.StaticMeshActor Name:StaticMeshActor_8 Label:SM_Cube4 SpatiallyLoaded:1 Bounds:IsValid=true, Min=(X=1200.000 Y=1700.000 Z=0.000), Max=(X=1800.000 Y=2200.000 Z=200.000) RuntimeGrid:None EditorOnly:0 RuntimeOnly:0 HLODRelevant:1 ListedInSceneOutliner:1 IsMainWorldOnly:0 FolderPath:Block01 FolderGuid:7D23E5AE4C2A421F86AF6986D87E6D05
 |   |   |- [+] [ 34]
 |   |   |   |- Guid:A264406A47A8A51866C2D0AD66A2A813 BaseClass:/Game/Ennemy/BP_ennemy.BP_ennemy_C NativeClass:/Script/Engine.Character Name:BP_ennemy_C_UAID_60A44CAE640D57B601_1805651663 Label:BP_ennemy SpatiallyLoaded:1 Bounds:IsValid=true, Min=(X=3407.061 Y=897.375 Z=-0.896), Max=(X=3485.623 Y=1125.545 Z=208.335) RuntimeGrid:None EditorOnly:0 RuntimeOnly:0 HLODRelevant:0 ListedInSceneOutliner:1 IsMainWorldOnly:0
 |   |   |- [+] [ 35]
 |   |   |   |- Guid:A44BC1EF43DC69C84A8F74BA30CBD248 BaseClass:/Game/Ennemy/BP_ennemy.BP_ennemy_C NativeClass:/Script/Engine.Character Name:BP_ennemy_C_UAID_00FF8CAA7CC161B601_1441554441 Label:BP_ennemy17 SpatiallyLoaded:1 Bounds:IsValid=true, Min=(X=4418.566 Y=1730.303 Z=-0.896), Max=(X=4497.127 Y=1958.474 Z=208.335) RuntimeGrid:None EditorOnly:0 RuntimeOnly:0 HLODRelevant:0 ListedInSceneOutliner:1 IsMainWorldOnly:0
 |   |   |- [+] [ 36]
 |   |   |   |- Guid:A56216954B2165CF0F35A886B537D536 BaseClass: NativeClass:/Script/Engine.StaticMeshActor Name:StaticMeshActor_0 Label:SM_Cube5 SpatiallyLoaded:1 Bounds:IsValid=true, Min=(X=-0.000 Y=100.000 Z=0.000), Max=(X=100.000 Y=5100.000 Z=1500.000) RuntimeGrid:None EditorOnly:0 RuntimeOnly:0 HLODRelevant:1 ListedInSceneOutliner:1 IsMainWorldOnly:0 FolderPath:Playground FolderGuid:C73F09FC4215536B1DCE2A9E0A830C70
 |   |   |- [+] [ 37]
 |   |   |   |- Guid:AA30A83A444C4A8E43B564BD5F1DE135 BaseClass:/Game/Ennemy/BP_ennemy.BP_ennemy_C NativeClass:/Script/Engine.Character Name:BP_ennemy_C_UAID_00FF8CAA7CC161B601_1441548438 Label:BP_ennemy14 SpatiallyLoaded:1 Bounds:IsValid=true, Min=(X=4236.070 Y=1504.006 Z=-0.896), Max=(X=4314.632 Y=1732.176 Z=208.335) RuntimeGrid:None EditorOnly:0 RuntimeOnly:0 HLODRelevant:0 ListedInSceneOutliner:1 IsMainWorldOnly:0
 |   |   |- [+] [ 38]
 |   |   |   |- Guid:AB74120142217676C6EC818E6B49412B BaseClass: NativeClass:/Script/Engine.StaticMeshActor Name:StaticMeshActor_15 Label:SM_Cube10 SpatiallyLoaded:1 Bounds:IsValid=true, Min=(X=1800.000 Y=2100.000 Z=100.000), Max=(X=2000.000 Y=2200.000 Z=200.000) RuntimeGrid:None EditorOnly:0 RuntimeOnly:0 HLODRelevant:1 ListedInSceneOutliner:1 IsMainWorldOnly:0 FolderPath:Block01 FolderGuid:7D23E5AE4C2A421F86AF6986D87E6D05
 |   |   |- [+] [ 39]
 |   |   |   |- Guid:B785ED2844B84CFB91E7F39FE661CD99 BaseClass: NativeClass:/Script/Engine.DirectionalLight Name:DirectionalLight_0 Label:DirectionalLight SpatiallyLoaded:0 Bounds:IsValid=true, Min=(X=-1048576.000 Y=-1048576.000 Z=-1048576.000), Max=(X=1048576.000 Y=1048576.000 Z=1048576.000) RuntimeGrid:None EditorOnly:0 RuntimeOnly:0 HLODRelevant:0 ListedInSceneOutliner:1 IsMainWorldOnly:0 FolderPath:Lighting FolderGuid:963EC3EB4002CCE9759E2EBA541A873A
 |   |   |- [+] [ 40]
 |   |   |   |- Guid:C15C2C8D4EA4ADE0BD1349AFD814988B BaseClass: NativeClass:/Script/Engine.StaticMeshActor Name:StaticMeshActor_14 Label:SM_Ramp3 SpatiallyLoaded:1 Bounds:IsValid=true, Min=(X=1800.000 Y=1700.000 Z=100.000), Max=(X=2000.000 Y=2100.000 Z=200.000) RuntimeGrid:None EditorOnly:0 RuntimeOnly:0 HLODRelevant:1 ListedInSceneOutliner:1 IsMainWorldOnly:0 FolderPath:Block01 FolderGuid:7D23E5AE4C2A421F86AF6986D87E6D05
 |   |   |- [+] [ 41]
 |   |   |   |- Guid:C55F7266486155EA362866824CA04D09 BaseClass:/Game/Ennemy/BP_ennemy.BP_ennemy_C NativeClass:/Script/Engine.Character Name:BP_ennemy_C_UAID_00FF8CAA7CC161B601_1438935433 Label:BP_ennemy9 SpatiallyLoaded:1 Bounds:IsValid=true, Min=(X=3905.577 Y=1290.577 Z=-0.896), Max=(X=3984.139 Y=1518.748 Z=208.335) RuntimeGrid:None EditorOnly:0 RuntimeOnly:0 HLODRelevant:0 ListedInSceneOutliner:1 IsMainWorldOnly:0
 |   |   |- [+] [ 42]
 |   |   |   |- Guid:CC5435264906D452263BE2B47222F1F1 BaseClass:/Game/Ennemy/BP_ennemy.BP_ennemy_C NativeClass:/Script/Engine.Character Name:BP_ennemy_C_UAID_00FF8CAA7CC161B601_1438940436 Label:BP_ennemy12 SpatiallyLoaded:1 Bounds:IsValid=true, Min=(X=4292.525 Y=908.760 Z=-0.896), Max=(X=4371.087 Y=1136.930 Z=208.335) RuntimeGrid:None EditorOnly:0 RuntimeOnly:0 HLODRelevant:0 ListedInSceneOutliner:1 IsMainWorldOnly:0
 |   |   |- [+] [ 43]
 |   |   |   |- Guid:CCFF262C46EEFFDF319E7F9539CE697E BaseClass: NativeClass:/Script/Engine.SkyAtmosphere Name:SkyAtmosphere_0 Label:SkyAtmosphere SpatiallyLoaded:0 Bounds:IsValid=true, Min=(X=0.000 Y=0.000 Z=1020.000), Max=(X=0.000 Y=0.000 Z=1020.000) RuntimeGrid:None EditorOnly:0 RuntimeOnly:0 HLODRelevant:0 ListedInSceneOutliner:1 IsMainWorldOnly:0 FolderPath:Lighting FolderGuid:963EC3EB4002CCE9759E2EBA541A873A
 |   |   |- [+] [ 44]
 |   |   |   |- Guid:CEAE913C430CE1AC322943BE300EC357 BaseClass:/Game/Ennemy/BP_ennemy.BP_ennemy_C NativeClass:/Script/Engine.Character Name:BP_ennemy_C_UAID_00FF8CAA7CC161B601_1403938428 Label:BP_ennemy4 SpatiallyLoaded:1 Bounds:IsValid=true, Min=(X=3589.556 Y=669.994 Z=-0.896), Max=(X=3668.118 Y=898.164 Z=208.335) RuntimeGrid:None EditorOnly:0 RuntimeOnly:0 HLODRelevant:0 ListedInSceneOutliner:1 IsMainWorldOnly:0
 |   |   |- [+] [ 45]
 |   |   |   |- Guid:E7B1088341F6B93BC50048BD13F942A1 BaseClass:/Game/Ennemy/BP_ennemy.BP_ennemy_C NativeClass:/Script/Engine.Character Name:BP_ennemy_C_UAID_00FF8CAA7CC161B601_1408424429 Label:BP_ennemy5 SpatiallyLoaded:1 Bounds:IsValid=true, Min=(X=3589.556 Y=1123.672 Z=-0.896), Max=(X=3668.118 Y=1351.842 Z=208.335) RuntimeGrid:None EditorOnly:0 RuntimeOnly:0 HLODRelevant:0 ListedInSceneOutliner:1 IsMainWorldOnly:0
 |   |   |- [+] [ 46]
 |   |   |   |- Guid:EA9C4E964E40FA47B3B0D9B4264AAFA9 BaseClass:/Game/Ennemy/BP_ennemy.BP_ennemy_C NativeClass:/Script/Engine.Character Name:BP_ennemy_C_UAID_00FF8CAA7CC161B601_1410204430 Label:BP_ennemy6 SpatiallyLoaded:1 Bounds:IsValid=true, Min=(X=3794.009 Y=908.760 Z=-0.896), Max=(X=3872.570 Y=1136.930 Z=208.335) RuntimeGrid:None EditorOnly:0 RuntimeOnly:0 HLODRelevant:0 ListedInSceneOutliner:1 IsMainWorldOnly:0
 |   |   |- [+] [ 47]
 |   |   |   |- Guid:EC4E0C944CE6AC6E784BC6BB2916EA13 BaseClass: NativeClass:/Script/Engine.StaticMeshActor Name:StaticMeshActor_UAID_A4AE111137DC5EFB00_1110535423 Label:SM_SkySphere SpatiallyLoaded:0 Bounds:IsValid=true, Min=(X=-1638400.000 Y=-1638400.000 Z=-1638400.000), Max=(X=1638400.000 Y=1638400.000 Z=1638400.000) RuntimeGrid:None EditorOnly:0 RuntimeOnly:0 HLODRelevant:1 ListedInSceneOutliner:1 IsMainWorldOnly:0 FolderPath:Lighting FolderGuid:963EC3EB4002CCE9759E2EBA541A873A
 |   |   |- [+] [ 48]
 |   |   |   |- Guid:ECC6ED364458AADB0B56A08A3BF931F0 BaseClass:/Game/Ennemy/BP_ennemy.BP_ennemy_C NativeClass:/Script/Engine.Character Name:BP_ennemy_C_UAID_00FF8CAA7CC161B601_1438930431 Label:BP_ennemy7 SpatiallyLoaded:1 Bounds:IsValid=true, Min=(X=3905.577 Y=525.467 Z=-0.896), Max=(X=3984.139 Y=753.638 Z=208.335) RuntimeGrid:None EditorOnly:0 RuntimeOnly:0 HLODRelevant:0 ListedInSceneOutliner:1 IsMainWorldOnly:0
 |   |   |- [+] [ 49]
 |   |   |   |- Guid:EDAA34A64E50B17535C2EB826C12557D BaseClass: NativeClass:/Script/Engine.StaticMeshActor Name:StaticMeshActor_9 Label:SM_Ramp2 SpatiallyLoaded:1 Bounds:IsValid=true, Min=(X=1400.000 Y=1500.000 Z=0.000), Max=(X=1800.000 Y=1700.000 Z=100.000) RuntimeGrid:None EditorOnly:0 RuntimeOnly:0 HLODRelevant:1 ListedInSceneOutliner:1 IsMainWorldOnly:0 FolderPath:Block01 FolderGuid:7D23E5AE4C2A421F86AF6986D87E6D05
 |   |   |- [+] [ 50]
 |   |   |   |- Guid:F1924B8D48954B30891B2DB6A694F9CC BaseClass: NativeClass:/Script/Engine.StaticMeshActor Name:StaticMeshActor_1 Label:SM_Cube SpatiallyLoaded:1 Bounds:IsValid=true, Min=(X=0.000 Y=0.000 Z=-50.000), Max=(X=5000.000 Y=5000.000 Z=0.000) RuntimeGrid:None EditorOnly:0 RuntimeOnly:0 HLODRelevant:1 ListedInSceneOutliner:1 IsMainWorldOnly:0 FolderPath:Playground FolderGuid:C73F09FC4215536B1DCE2A9E0A830C70
 |   |   |- [+] [ 51]
 |   |   |   |- Guid:F5E3FEB3450C49844FD93DA8E083C8AD BaseClass: NativeClass:/Script/Engine.PostProcessVolume Name:PostProcessVolume_0 Label:PostProcessVolume SpatiallyLoaded:0 Bounds:IsValid=true, Min=(X=0.000 Y=0.000 Z=400.000), Max=(X=200.000 Y=200.000 Z=600.000) RuntimeGrid:None EditorOnly:0 RuntimeOnly:0 HLODRelevant:0 ListedInSceneOutliner:1 IsMainWorldOnly:0 FolderPath:Lighting FolderGuid:963EC3EB4002CCE9759E2EBA541A873A
 |- ContainerInstances:
 |- [+] MainContainer:
 |   |-        ID: 00000000000000000000000000000000
 |   |-  ParentID: 00000000000000000000000000000000
 |   |-    Bounds: IsValid=false, Min=(X=0.000 Y=0.000 Z=0.000), Max=(X=0.000 Y=0.000 Z=0.000)
 |   |- Transform: 0.000000,0.000000,0.000000|0.000000,0.000000,-0.000000|1.000000,1.000000,1.000000
 |   |- Container: /Game/ThirdPerson/Maps/ThirdPersonMap
----------------------------------------------------------------------------------------------------------------
ThirdPersonMap - Persistent Level
----------------------------------------------------------------------------------------------------------------
[+] Content of ThirdPersonMap Persistent Level
 |- Always loaded Actor Count: 60 
 |- Actor Path: /Game/ThirdPerson/Maps/ThirdPersonMap.ThirdPersonMap:PersistentLevel.AbstractNavData-Default
 |- Actor Package: /Game/ThirdPerson/Maps/ThirdPersonMap
 |- Actor Path: /Game/ThirdPerson/Maps/ThirdPersonMap.ThirdPersonMap:PersistentLevel.BP_ennemy_C_UAID_00FF8CAA7CC161B601_1403938428
 |- Actor Package: /Game/__ExternalActors__/ThirdPerson/Maps/ThirdPersonMap/E/6X/FC981S20GCWN771YBNTU0R
 |- Actor Path: /Game/ThirdPerson/Maps/ThirdPersonMap.ThirdPersonMap:PersistentLevel.BP_ennemy_C_UAID_00FF8CAA7CC161B601_1408424429
 |- Actor Package: /Game/__ExternalActors__/ThirdPerson/Maps/ThirdPersonMap/E/DY/SJU3KD4A43HGPWAP80R26L
 |- Actor Path: /Game/ThirdPerson/Maps/ThirdPersonMap.ThirdPersonMap:PersistentLevel.BP_ennemy_C_UAID_00FF8CAA7CC161B601_1410204430
 |- Actor Package: /Game/__ExternalActors__/ThirdPerson/Maps/ThirdPersonMap/3/KK/CF2VHCC12TK7TFLVEXLP3X
 |- Actor Path: /Game/ThirdPerson/Maps/ThirdPersonMap.ThirdPersonMap:PersistentLevel.BP_ennemy_C_UAID_00FF8CAA7CC161B601_1438930431
 |- Actor Package: /Game/__ExternalActors__/ThirdPerson/Maps/ThirdPersonMap/3/E2/BZ365PQVOF01BDBEU8YPB2
 |- Actor Path: /Game/ThirdPerson/Maps/ThirdPersonMap.ThirdPersonMap:PersistentLevel.BP_ennemy_C_UAID_00FF8CAA7CC161B601_1438933432
 |- Actor Package: /Game/__ExternalActors__/ThirdPerson/Maps/ThirdPersonMap/1/6Q/S97FAW10UD4GBQ1SG2TMCQ
 |- Actor Path: /Game/ThirdPerson/Maps/ThirdPersonMap.ThirdPersonMap:PersistentLevel.BP_ennemy_C_UAID_00FF8CAA7CC161B601_1438935433
 |- Actor Package: /Game/__ExternalActors__/ThirdPerson/Maps/ThirdPersonMap/A/FJ/NLP7PJ9YPL5BVA5CLM0TX7
 |- Actor Path: /Game/ThirdPerson/Maps/ThirdPersonMap.ThirdPersonMap:PersistentLevel.BP_ennemy_C_UAID_00FF8CAA7CC161B601_1438936434
 |- Actor Package: /Game/__ExternalActors__/ThirdPerson/Maps/ThirdPersonMap/9/BD/VEZ7Q0OXIXROYZ3VFXEW6N
 |- Actor Path: /Game/ThirdPerson/Maps/ThirdPersonMap.ThirdPersonMap:PersistentLevel.BP_ennemy_C_UAID_00FF8CAA7CC161B601_1438938435
 |- Actor Package: /Game/__ExternalActors__/ThirdPerson/Maps/ThirdPersonMap/7/UF/KL7BRO2RV8FTOGE5KCUKEX
 |- Actor Path: /Game/ThirdPerson/Maps/ThirdPersonMap.ThirdPersonMap:PersistentLevel.BP_ennemy_C_UAID_00FF8CAA7CC161B601_1438940436
 |- Actor Package: /Game/__ExternalActors__/ThirdPerson/Maps/ThirdPersonMap/9/7C/VQ6Y8DGBO9TM71GNTA8DMO
 |- Actor Path: /Game/ThirdPerson/Maps/ThirdPersonMap.ThirdPersonMap:PersistentLevel.BP_ennemy_C_UAID_00FF8CAA7CC161B601_1441545437
 |- Actor Package: /Game/__ExternalActors__/ThirdPerson/Maps/ThirdPersonMap/0/30/WPLF848F921P05GC98U5WX
 |- Actor Path: /Game/ThirdPerson/Maps/ThirdPersonMap.ThirdPersonMap:PersistentLevel.BP_ennemy_C_UAID_00FF8CAA7CC161B601_1441548438
 |- Actor Package: /Game/__ExternalActors__/ThirdPerson/Maps/ThirdPersonMap/1/AW/II79UCK4W9MZ6I6B8HPKJ6
 |- Actor Path: /Game/ThirdPerson/Maps/ThirdPersonMap.ThirdPersonMap:PersistentLevel.BP_ennemy_C_UAID_00FF8CAA7CC161B601_1441550439
 |- Actor Package: /Game/__ExternalActors__/ThirdPerson/Maps/ThirdPersonMap/3/CI/PZM5AWGZDAGGH7DTO1KUIZ
 |- Actor Path: /Game/ThirdPerson/Maps/ThirdPersonMap.ThirdPersonMap:PersistentLevel.BP_ennemy_C_UAID_00FF8CAA7CC161B601_1441552440
 |- Actor Package: /Game/__ExternalActors__/ThirdPerson/Maps/ThirdPersonMap/3/JQ/28V9G3M1FTIG34WZ74WK4G
 |- Actor Path: /Game/ThirdPerson/Maps/ThirdPersonMap.ThirdPersonMap:PersistentLevel.BP_ennemy_C_UAID_00FF8CAA7CC161B601_1441554441
 |- Actor Package: /Game/__ExternalActors__/ThirdPerson/Maps/ThirdPersonMap/2/X4/739LBTLCB7HAIWL3REYSK8
 |- Actor Path: /Game/ThirdPerson/Maps/ThirdPersonMap.ThirdPersonMap:PersistentLevel.BP_ennemy_C_UAID_00FF8CAA7CC161B601_1441556442
 |- Actor Package: /Game/__ExternalActors__/ThirdPerson/Maps/ThirdPersonMap/2/SP/5630BJBJ75U2F209LVWVQB
 |- Actor Path: /Game/ThirdPerson/Maps/ThirdPersonMap.ThirdPersonMap:PersistentLevel.BP_ennemy_C_UAID_00FF8CAA7CC161B601_1445374443
 |- Actor Package: /Game/__ExternalActors__/ThirdPerson/Maps/ThirdPersonMap/7/NP/2ZAXCF46J5G5FWQD7YO78F
 |- Actor Path: /Game/ThirdPerson/Maps/ThirdPersonMap.ThirdPersonMap:PersistentLevel.BP_ennemy_C_UAID_00FF8CAA7CC161B601_1445376444
 |- Actor Package: /Game/__ExternalActors__/ThirdPerson/Maps/ThirdPersonMap/8/C6/I6A932OSADI1J6CF37BLPA
 |- Actor Path: /Game/ThirdPerson/Maps/ThirdPersonMap.ThirdPersonMap:PersistentLevel.BP_ennemy_C_UAID_00FF8CAA7CC161B601_1445378445
 |- Actor Package: /Game/__ExternalActors__/ThirdPerson/Maps/ThirdPersonMap/1/0B/2BCGT3MRTG6YPQQ9RW9JY4
 |- Actor Path: /Game/ThirdPerson/Maps/ThirdPersonMap.ThirdPersonMap:PersistentLevel.BP_ennemy_C_UAID_00FF8CAA7CC161B601_1445379446
 |- Actor Package: /Game/__ExternalActors__/ThirdPerson/Maps/ThirdPersonMap/A/X7/MRSUP96KMOWWZ8DGPPMZNH
 |- Actor Path: /Game/ThirdPerson/Maps/ThirdPersonMap.ThirdPersonMap:PersistentLevel.BP_ennemy_C_UAID_00FF8CAA7CC161B601_1445381447
 |- Actor Package: /Game/__ExternalActors__/ThirdPerson/Maps/ThirdPersonMap/8/PF/EXM3ZA2HRNGOWIO5Y8EKE0
 |- Actor Path: /Game/ThirdPerson/Maps/ThirdPersonMap.ThirdPersonMap:PersistentLevel.BP_ennemy_C_UAID_00FF8CAA7CC161B601_1445382448
 |- Actor Package: /Game/__ExternalActors__/ThirdPerson/Maps/ThirdPersonMap/A/QI/1C4AQ48DRT2FLV3H8L2U53
 |- Actor Path: /Game/ThirdPerson/Maps/ThirdPersonMap.ThirdPersonMap:PersistentLevel.BP_ennemy_C_UAID_60A44CAE640D57B601_1805651663
 |- Actor Package: /Game/__ExternalActors__/ThirdPerson/Maps/ThirdPersonMap/E/PH/7F0ANXJ3LKTTU046TVW3FU
 |- Actor Path: /Game/ThirdPerson/Maps/ThirdPersonMap.ThirdPersonMap:PersistentLevel.BP_ennemy_C_UAID_60A44CAE640D60B601_1850457247
 |- Actor Package: /Game/__ExternalActors__/ThirdPerson/Maps/ThirdPersonMap/E/Q2/80E141T4YU8WKKPHXEF6H8
 |- Actor Path: /Game/ThirdPerson/Maps/ThirdPersonMap.ThirdPersonMap:PersistentLevel.BP_ennemy_C_UAID_60A44CAE640D60B601_1857807248
 |- Actor Package: /Game/__ExternalActors__/ThirdPerson/Maps/ThirdPersonMap/9/30/22ONSNRYE2Y6ELDB2U9MDR
 |- Actor Path: /Game/ThirdPerson/Maps/ThirdPersonMap.ThirdPersonMap:PersistentLevel.BP_M4A1_C_UAID_98EECBD0681D85B501_1131085706
 |- Actor Package: /Game/__ExternalActors__/ThirdPerson/Maps/ThirdPersonMap/3/JF/PPSMFKDY8CTHQ6U1IHTTNG
 |- Actor Path: /Game/ThirdPerson/Maps/ThirdPersonMap.ThirdPersonMap:PersistentLevel.Brush_0
 |- Actor Package: /Game/ThirdPerson/Maps/ThirdPersonMap
 |- Actor Path: /Game/ThirdPerson/Maps/ThirdPersonMap.ThirdPersonMap:PersistentLevel.BuoyancyManager_0
 |- Actor Package: /Game/ThirdPerson/Maps/ThirdPersonMap
 |- Actor Path: /Game/ThirdPerson/Maps/ThirdPersonMap.ThirdPersonMap:PersistentLevel.DefaultPhysicsVolume_0
 |- Actor Package: /Game/ThirdPerson/Maps/ThirdPersonMap
 |- Actor Path: /Game/ThirdPerson/Maps/ThirdPersonMap.ThirdPersonMap:PersistentLevel.DirectionalLight_0
 |- Actor Package: /Game/__ExternalActors__/ThirdPerson/Maps/ThirdPersonMap/5/R1/TS5OQ5CRUWFZYL1ZQ7I416
 |- Actor Path: /Game/ThirdPerson/Maps/ThirdPersonMap.ThirdPersonMap:PersistentLevel.ExponentialHeightFog_0
 |- Actor Package: /Game/__ExternalActors__/ThirdPerson/Maps/ThirdPersonMap/6/J7/N10XDC9G27EMLS5AGZ6AVV
 |- Actor Path: /Game/ThirdPerson/Maps/ThirdPersonMap.ThirdPersonMap:PersistentLevel.GameplayDebuggerPlayerManager_0
 |- Actor Package: /Game/ThirdPerson/Maps/ThirdPersonMap
 |- Actor Path: /Game/ThirdPerson/Maps/ThirdPersonMap.ThirdPersonMap:PersistentLevel.NavMeshBoundsVolume_UAID_98EECBD0681DB4B501_1908585976
 |- Actor Package: /Game/__ExternalActors__/ThirdPerson/Maps/ThirdPersonMap/2/3D/Q25T35T8BBQPLTJV7UYUL4
 |- Actor Path: /Game/ThirdPerson/Maps/ThirdPersonMap.ThirdPersonMap:PersistentLevel.PlayerStart_0
 |- Actor Package: /Game/__ExternalActors__/ThirdPerson/Maps/ThirdPersonMap/D/DE/SWSI13675DVYIZ0N4NF7Y3
 |- Actor Path: /Game/ThirdPerson/Maps/ThirdPersonMap.ThirdPersonMap:PersistentLevel.PostProcessVolume_0
 |- Actor Package: /Game/__ExternalActors__/ThirdPerson/Maps/ThirdPersonMap/1/AZ/A7GPT109Y6ZTTJD4A7TXER
 |- Actor Path: /Game/ThirdPerson/Maps/ThirdPersonMap.ThirdPersonMap:PersistentLevel.RecastNavMesh_UAID_98EECBD0681DB4B501-Default
 |- Actor Package: /Game/__ExternalActors__/ThirdPerson/Maps/ThirdPersonMap/D/3E/VPTUVGD7EQ8CNRG3O9COTD
 |- Actor Path: /Game/ThirdPerson/Maps/ThirdPersonMap.ThirdPersonMap:PersistentLevel.SkyAtmosphere_0
 |- Actor Package: /Game/__ExternalActors__/ThirdPerson/Maps/ThirdPersonMap/4/LN/30UBDLYFFA5ZR7U4W4L4GG
 |- Actor Path: /Game/ThirdPerson/Maps/ThirdPersonMap.ThirdPersonMap:PersistentLevel.SkyLight_1
 |- Actor Package: /Game/__ExternalActors__/ThirdPerson/Maps/ThirdPersonMap/8/S1/DXUWD12MD3HRWVVXX076BY
 |- Actor Path: /Game/ThirdPerson/Maps/ThirdPersonMap.ThirdPersonMap:PersistentLevel.SpawnPoint_C_UAID_98EECBD0681DB6B501_1783616328
 |- Actor Package: /Game/__ExternalActors__/ThirdPerson/Maps/ThirdPersonMap/3/BY/VLLYDB1PKIMBKMIGBICL3M
 |- Actor Path: /Game/ThirdPerson/Maps/ThirdPersonMap.ThirdPersonMap:PersistentLevel.StaticMeshActor_0
 |- Actor Package: /Game/__ExternalActors__/ThirdPerson/Maps/ThirdPersonMap/A/MS/MRHJREJ6H7USQYWF1KO8F6
 |- Actor Path: /Game/ThirdPerson/Maps/ThirdPersonMap.ThirdPersonMap:PersistentLevel.StaticMeshActor_1
 |- Actor Package: /Game/__ExternalActors__/ThirdPerson/Maps/ThirdPersonMap/6/YO/NG2R9BPZVA7ZDN0Z4VSTG6
 |- Actor Path: /Game/ThirdPerson/Maps/ThirdPersonMap.ThirdPersonMap:PersistentLevel.StaticMeshActor_4
 |- Actor Package: /Game/__ExternalActors__/ThirdPerson/Maps/ThirdPersonMap/5/9Q/U98KGKQ41NJYFOGFQM8ZDY
 |- Actor Path: /Game/ThirdPerson/Maps/ThirdPersonMap.ThirdPersonMap:PersistentLevel.StaticMeshActor_8
 |- Actor Package: /Game/__ExternalActors__/ThirdPerson/Maps/ThirdPersonMap/A/16/Q7Y1URWWFS0TXGWUTO3S61
 |- Actor Path: /Game/ThirdPerson/Maps/ThirdPersonMap.ThirdPersonMap:PersistentLevel.StaticMeshActor_9
 |- Actor Package: /Game/__ExternalActors__/ThirdPerson/Maps/ThirdPersonMap/8/3J/6B9RJI3FDPCETRKXUXCQ4C
 |- Actor Path: /Game/ThirdPerson/Maps/ThirdPersonMap.ThirdPersonMap:PersistentLevel.StaticMeshActor_13
 |- Actor Package: /Game/__ExternalActors__/ThirdPerson/Maps/ThirdPersonMap/B/EA/9BWDWCNL7OZT2HTML9LK1Y
 |- Actor Path: /Game/ThirdPerson/Maps/ThirdPersonMap.ThirdPersonMap:PersistentLevel.StaticMeshActor_14
 |- Actor Package: /Game/__ExternalActors__/ThirdPerson/Maps/ThirdPersonMap/5/11/IM858T68EBXCBX1T2FNR96
 |- Actor Path: /Game/ThirdPerson/Maps/ThirdPersonMap.ThirdPersonMap:PersistentLevel.StaticMeshActor_15
 |- Actor Package: /Game/__ExternalActors__/ThirdPerson/Maps/ThirdPersonMap/4/60/5PI42YRDC8HSSG6BVV2GRR
 |- Actor Path: /Game/ThirdPerson/Maps/ThirdPersonMap.ThirdPersonMap:PersistentLevel.StaticMeshActor_UAID_00FF8CAA7CC161B601_1294243423
 |- Actor Package: /Game/__ExternalActors__/ThirdPerson/Maps/ThirdPersonMap/D/9D/YY8JTT9X8QB5JGBM9PHLLX
 |- Actor Path: /Game/ThirdPerson/Maps/ThirdPersonMap.ThirdPersonMap:PersistentLevel.StaticMeshActor_UAID_00FF8CAA7CC161B601_1306556424
 |- Actor Package: /Game/__ExternalActors__/ThirdPerson/Maps/ThirdPersonMap/4/0V/HHHFH3BUKX2VV34I29J5AI
 |- Actor Path: /Game/ThirdPerson/Maps/ThirdPersonMap.ThirdPersonMap:PersistentLevel.StaticMeshActor_UAID_00FF8CAA7CC161B601_1308976425
 |- Actor Package: /Game/__ExternalActors__/ThirdPerson/Maps/ThirdPersonMap/7/14/8269DWBSQ946QMO1R4TFID
 |- Actor Path: /Game/ThirdPerson/Maps/ThirdPersonMap.ThirdPersonMap:PersistentLevel.StaticMeshActor_UAID_00FF8CAA7CC161B601_1311576426
 |- Actor Package: /Game/__ExternalActors__/ThirdPerson/Maps/ThirdPersonMap/7/X6/RBR0SIHLIBVX735SRYFLB7
 |- Actor Path: /Game/ThirdPerson/Maps/ThirdPersonMap.ThirdPersonMap:PersistentLevel.StaticMeshActor_UAID_00FF8CAA7CC161B601_1317105427
 |- Actor Package: /Game/__ExternalActors__/ThirdPerson/Maps/ThirdPersonMap/8/L2/0SR3KPHS55GL0TSD8LAHZL
 |- Actor Path: /Game/ThirdPerson/Maps/ThirdPersonMap.ThirdPersonMap:PersistentLevel.StaticMeshActor_UAID_00FF8CAA7CC1A8B501_1374245863
 |- Actor Package: /Game/__ExternalActors__/ThirdPerson/Maps/ThirdPersonMap/6/BA/6IQ7PXSC8BC5KBST173KC4
 |- Actor Path: /Game/ThirdPerson/Maps/ThirdPersonMap.ThirdPersonMap:PersistentLevel.StaticMeshActor_UAID_00FF8CAA7CC1A8B501_1374250864
 |- Actor Package: /Game/__ExternalActors__/ThirdPerson/Maps/ThirdPersonMap/6/8D/KH96M3ZE28R3QJW0F9DDF3
 |- Actor Path: /Game/ThirdPerson/Maps/ThirdPersonMap.ThirdPersonMap:PersistentLevel.StaticMeshActor_UAID_A4AE111137DC5EFB00_1110535423
 |- Actor Package: /Game/__ExternalActors__/ThirdPerson/Maps/ThirdPersonMap/4/PN/2QISIGK5DJNQ05US8O8FXW
 |- Actor Path: /Game/ThirdPerson/Maps/ThirdPersonMap.ThirdPersonMap:PersistentLevel.ThirdPersonMap_C_2
 |- Actor Package: /Game/ThirdPerson/Maps/ThirdPersonMap
 |- Actor Path: /Game/ThirdPerson/Maps/ThirdPersonMap.ThirdPersonMap:PersistentLevel.VolumetricCloud_0
 |- Actor Package: /Game/__ExternalActors__/ThirdPerson/Maps/ThirdPersonMap/3/EY/87SHEJN5UBEAN2K5OV1G6R
 |- Actor Path: /Game/ThirdPerson/Maps/ThirdPersonMap.ThirdPersonMap:PersistentLevel.WorldDataLayers
 |- Actor Package: /Game/__ExternalActors__/ThirdPerson/Maps/ThirdPersonMap/0/43/HYQWORMY4JDQ5X3OKZXFLC
 |- Actor Path: /Game/ThirdPerson/Maps/ThirdPersonMap.ThirdPersonMap:PersistentLevel.WorldInfo_0
 |- Actor Package: /Game/ThirdPerson/Maps/ThirdPersonMap
 |- Actor Path: /Game/ThirdPerson/Maps/ThirdPersonMap.ThirdPersonMap:PersistentLevel.WorldPartitionMiniMap_0
 |- Actor Package: /Game/__ExternalActors__/ThirdPerson/Maps/ThirdPersonMap/E/FR/LBG6LPN5JCL3FMVSI2CK6R

----------------------------------------------------------------------------------------------------------------
ThirdPersonMap - Runtime Spatial Hash - Streaming Grid - MainGrid
----------------------------------------------------------------------------------------------------------------
            Origin: X=0.000 Y=0.000 Z=0.000
         Cell Size: 12800
      World Bounds: IsValid=false, Min=(X=0.000 Y=0.000 Z=0.000), Max=(X=0.000 Y=0.000 Z=0.000)
     Loading Range: 25600.00
Block Slow Loading: No
 ClientOnlyVisible: No
            Origin: X=0.000 Y=0.000 Z=0.000

[+] Grid Levels: 1
 |- Level  0: Cell Count    0 | Cell Size   12800 | Actor Count    0 (0.0%)

[+] Content of Grid Level 0

