[+] Containers:
 |- [+] Container: /Game/ThirdPerson/Maps/ThirdPersonMap
 |   |- [+] ActorDescs:
 |   |   |- Guid:04F9C4684B14CA9F839306B79448489E BaseClass: NativeClass:/Script/NavigationSystem.NavMeshBoundsVolume Name:NavMeshBoundsVolume_UAID_98EECBD0681DB4B501_1908585976 Label:NavMeshBoundsVolume SpatiallyLoaded:0 Bounds:IsValid=true, Min=(X=-200.000 Y=308.377 Z=-25.475), Max=(X=2600.000 Y=3588.377 Z=174.525) RuntimeGrid:None EditorOnly:0 RuntimeOnly:0 HLODRelevant:0 ListedInSceneOutliner:1 IsMainWorldOnly:0
 |   |   |- Guid:0A733B864C327F0B589EC8BBDD0265BC BaseClass: NativeClass:/Script/Engine.StaticMeshActor Name:StaticMeshActor_13 Label:SM_Cube9 SpatiallyLoaded:1 Bounds:IsValid=true, Min=(X=1800.000 Y=1500.000 Z=0.000), Max=(X=2000.000 Y=2200.000 Z=100.000) RuntimeGrid:None EditorOnly:0 RuntimeOnly:0 HLODRelevant:1 ListedInSceneOutliner:1 IsMainWorldOnly:0 FolderPath:Block01 FolderGuid:7D23E5AE4C2A421F86AF6986D87E6D05
 |   |   |- Guid:13B34CBA4B7D47EBFD29ABB94619FEEE BaseClass:/Game/Weapon/M4A1/BP_M4A1.BP_M4A1_C NativeClass:/Script/Engine.Actor Name:BP_M4A1_C_UAID_98EECBD0681D85B501_1131085706 Label:BP_M4A1 SpatiallyLoaded:1 Bounds:IsValid=true, Min=(X=1091.746 Y=943.251 Z=8.131), Max=(X=1155.746 Y=1051.898 Z=77.466) RuntimeGrid:None EditorOnly:0 RuntimeOnly:0 HLODRelevant:0 ListedInSceneOutliner:1 IsMainWorldOnly:0
 |   |   |- Guid:2FB58999456391D349DC0F86DAC136ED BaseClass: NativeClass:/Script/Engine.SkyLight Name:SkyLight_1 Label:SkyLight SpatiallyLoaded:0 Bounds:IsValid=true, Min=(X=0.000 Y=0.000 Z=690.000), Max=(X=0.000 Y=0.000 Z=690.000) RuntimeGrid:None EditorOnly:0 RuntimeOnly:0 HLODRelevant:0 ListedInSceneOutliner:1 IsMainWorldOnly:0 FolderPath:Lighting FolderGuid:963EC3EB4002CCE9759E2EBA541A873A
 |   |   |- Guid:316CF2A6494ACA4C0E4180A87D36AB8F BaseClass: NativeClass:/Script/Engine.ExponentialHeightFog Name:ExponentialHeightFog_0 Label:ExponentialHeightFog SpatiallyLoaded:0 Bounds:IsValid=true, Min=(X=-5600.000 Y=-50.000 Z=-6850.000), Max=(X=-5600.000 Y=-50.000 Z=-6850.000) RuntimeGrid:None EditorOnly:0 RuntimeOnly:0 HLODRelevant:0 ListedInSceneOutliner:1 IsMainWorldOnly:0 FolderPath:Lighting FolderGuid:963EC3EB4002CCE9759E2EBA541A873A
 |   |   |- Guid:3A00AA1C422CE54C0BDB60BAF471BFBB BaseClass: NativeClass:/Script/Engine.PlayerStart Name:PlayerStart_0 Label:PlayerStart SpatiallyLoaded:0 Bounds:IsValid=true, Min=(X=860.000 Y=1280.000 Z=0.013), Max=(X=940.000 Y=1360.000 Z=184.013) RuntimeGrid:None EditorOnly:0 RuntimeOnly:0 HLODRelevant:0 ListedInSceneOutliner:1 IsMainWorldOnly:0
 |   |   |- Guid:42FC17734FB999027B7871A80F9BD64F BaseClass: NativeClass:/Script/Engine.StaticMeshActor Name:StaticMeshActor_UAID_00FF8CAA7CC1A8B501_1374250864 Label:SM_Cube8 SpatiallyLoaded:1 Bounds:IsValid=true, Min=(X=-296.612 Y=0.000 Z=-0.000), Max=(X=3003.388 Y=100.000 Z=400.000) RuntimeGrid:None EditorOnly:0 RuntimeOnly:0 HLODRelevant:1 ListedInSceneOutliner:1 IsMainWorldOnly:0 FolderPath:Playground FolderGuid:C73F09FC4215536B1DCE2A9E0A830C70
 |   |   |- Guid:43815E84492231AFC407F59E3C28176B BaseClass: NativeClass:/Script/Engine.StaticMeshActor Name:StaticMeshActor_4 Label:SM_Cube6 SpatiallyLoaded:1 Bounds:IsValid=true, Min=(X=2900.000 Y=100.000 Z=0.000), Max=(X=3000.000 Y=3400.000 Z=400.000) RuntimeGrid:None EditorOnly:0 RuntimeOnly:0 HLODRelevant:1 ListedInSceneOutliner:1 IsMainWorldOnly:0 FolderPath:Playground FolderGuid:C73F09FC4215536B1DCE2A9E0A830C70
 |   |   |- Guid:4B51282D4311275971A01F9E6F69FDE5 BaseClass: NativeClass:/Script/Engine.StaticMeshActor Name:StaticMeshActor_UAID_00FF8CAA7CC1A8B501_1374245863 Label:SM_Cube7 SpatiallyLoaded:1 Bounds:IsValid=true, Min=(X=-296.612 Y=3375.209 Z=0.000), Max=(X=3003.388 Y=3475.209 Z=400.000) RuntimeGrid:None EditorOnly:0 RuntimeOnly:0 HLODRelevant:1 ListedInSceneOutliner:1 IsMainWorldOnly:0 FolderPath:Playground FolderGuid:C73F09FC4215536B1DCE2A9E0A830C70
 |   |   |- Guid:4D3BE93F4146AAAC8BBE79999D96D57F BaseClass: NativeClass:/Script/Engine.VolumetricCloud Name:VolumetricCloud_0 Label:VolumetricCloud SpatiallyLoaded:0 Bounds:IsValid=true, Min=(X=0.000 Y=0.000 Z=820.000), Max=(X=0.000 Y=0.000 Z=820.000) RuntimeGrid:None EditorOnly:0 RuntimeOnly:0 HLODRelevant:0 ListedInSceneOutliner:1 IsMainWorldOnly:0 FolderPath:Lighting FolderGuid:963EC3EB4002CCE9759E2EBA541A873A
 |   |   |- Guid:5F0821E042232AFA551F19868D4F1429 BaseClass: NativeClass:/Script/NavigationSystem.RecastNavMesh Name:RecastNavMesh_UAID_98EECBD0681DB4B501-Default Label:RecastNavMesh-Default SpatiallyLoaded:0 Bounds:IsValid=true, Min=(X=0.000 Y=0.000 Z=0.000), Max=(X=0.000 Y=0.000 Z=0.000) RuntimeGrid:None EditorOnly:0 RuntimeOnly:0 HLODRelevant:0 ListedInSceneOutliner:1 IsMainWorldOnly:0
 |   |   |- Guid:6ADB07394E282EEF8988E68455CDDAAF BaseClass:/Game/SpawnPoint.SpawnPoint_C NativeClass:/Script/Engine.Actor Name:SpawnPoint_C_UAID_98EECBD0681DB6B501_1783616328 Label:SpawnPoint SpatiallyLoaded:1 Bounds:IsValid=true, Min=(X=1725.643 Y=1170.295 Z=0.000), Max=(X=1725.643 Y=1170.295 Z=0.000) RuntimeGrid:None EditorOnly:0 RuntimeOnly:0 HLODRelevant:0 ListedInSceneOutliner:1 IsMainWorldOnly:0
 |   |   |- Guid:6BAF4DDD444C60371492D3919DB42C97 BaseClass: NativeClass:/Script/Engine.WorldDataLayers Name:WorldDataLayers Label:WorldDataLayers SpatiallyLoaded:0 Bounds:IsValid=true, Min=(X=0.000 Y=0.000 Z=0.000), Max=(X=0.000 Y=0.000 Z=0.000) RuntimeGrid:None EditorOnly:0 RuntimeOnly:0 HLODRelevant:0 ListedInSceneOutliner:1 IsMainWorldOnly:1
 |   |   |- Guid:961864A84FF6F65B68F2A3BE5819D538 BaseClass: NativeClass:/Script/Engine.StaticMeshActor Name:StaticMeshActor_8 Label:SM_Cube4 SpatiallyLoaded:1 Bounds:IsValid=true, Min=(X=1200.000 Y=1700.000 Z=0.000), Max=(X=1800.000 Y=2200.000 Z=200.000) RuntimeGrid:None EditorOnly:0 RuntimeOnly:0 HLODRelevant:1 ListedInSceneOutliner:1 IsMainWorldOnly:0 FolderPath:Block01 FolderGuid:7D23E5AE4C2A421F86AF6986D87E6D05
 |   |   |- Guid:A56216954B2165CF0F35A886B537D536 BaseClass: NativeClass:/Script/Engine.StaticMeshActor Name:StaticMeshActor_0 Label:SM_Cube5 SpatiallyLoaded:1 Bounds:IsValid=true, Min=(X=-0.000 Y=100.000 Z=0.000), Max=(X=100.000 Y=3400.000 Z=400.000) RuntimeGrid:None EditorOnly:0 RuntimeOnly:0 HLODRelevant:1 ListedInSceneOutliner:1 IsMainWorldOnly:0 FolderPath:Playground FolderGuid:C73F09FC4215536B1DCE2A9E0A830C70
 |   |   |- Guid:AB74120142217676C6EC818E6B49412B BaseClass: NativeClass:/Script/Engine.StaticMeshActor Name:StaticMeshActor_15 Label:SM_Cube10 SpatiallyLoaded:1 Bounds:IsValid=true, Min=(X=1800.000 Y=2100.000 Z=100.000), Max=(X=2000.000 Y=2200.000 Z=200.000) RuntimeGrid:None EditorOnly:0 RuntimeOnly:0 HLODRelevant:1 ListedInSceneOutliner:1 IsMainWorldOnly:0 FolderPath:Block01 FolderGuid:7D23E5AE4C2A421F86AF6986D87E6D05
 |   |   |- Guid:B785ED2844B84CFB91E7F39FE661CD99 BaseClass: NativeClass:/Script/Engine.DirectionalLight Name:DirectionalLight_0 Label:DirectionalLight SpatiallyLoaded:0 Bounds:IsValid=true, Min=(X=-1048576.000 Y=-1048576.000 Z=-1048576.000), Max=(X=1048576.000 Y=1048576.000 Z=1048576.000) RuntimeGrid:None EditorOnly:0 RuntimeOnly:0 HLODRelevant:0 ListedInSceneOutliner:1 IsMainWorldOnly:0 FolderPath:Lighting FolderGuid:963EC3EB4002CCE9759E2EBA541A873A
 |   |   |- Guid:C15C2C8D4EA4ADE0BD1349AFD814988B BaseClass: NativeClass:/Script/Engine.StaticMeshActor Name:StaticMeshActor_14 Label:SM_Ramp3 SpatiallyLoaded:1 Bounds:IsValid=true, Min=(X=1800.000 Y=1700.000 Z=100.000), Max=(X=2000.000 Y=2100.000 Z=200.000) RuntimeGrid:None EditorOnly:0 RuntimeOnly:0 HLODRelevant:1 ListedInSceneOutliner:1 IsMainWorldOnly:0 FolderPath:Block01 FolderGuid:7D23E5AE4C2A421F86AF6986D87E6D05
 |   |   |- Guid:CCFF262C46EEFFDF319E7F9539CE697E BaseClass: NativeClass:/Script/Engine.SkyAtmosphere Name:SkyAtmosphere_0 Label:SkyAtmosphere SpatiallyLoaded:0 Bounds:IsValid=true, Min=(X=0.000 Y=0.000 Z=1020.000), Max=(X=0.000 Y=0.000 Z=1020.000) RuntimeGrid:None EditorOnly:0 RuntimeOnly:0 HLODRelevant:0 ListedInSceneOutliner:1 IsMainWorldOnly:0 FolderPath:Lighting FolderGuid:963EC3EB4002CCE9759E2EBA541A873A
 |   |   |- Guid:EC4E0C944CE6AC6E784BC6BB2916EA13 BaseClass: NativeClass:/Script/Engine.StaticMeshActor Name:StaticMeshActor_UAID_A4AE111137DC5EFB00_1110535423 Label:SM_SkySphere SpatiallyLoaded:0 Bounds:IsValid=true, Min=(X=-1638400.000 Y=-1638400.000 Z=-1638400.000), Max=(X=1638400.000 Y=1638400.000 Z=1638400.000) RuntimeGrid:None EditorOnly:0 RuntimeOnly:0 HLODRelevant:1 ListedInSceneOutliner:1 IsMainWorldOnly:0 FolderPath:Lighting FolderGuid:963EC3EB4002CCE9759E2EBA541A873A
 |   |   |- Guid:EDAA34A64E50B17535C2EB826C12557D BaseClass: NativeClass:/Script/Engine.StaticMeshActor Name:StaticMeshActor_9 Label:SM_Ramp2 SpatiallyLoaded:1 Bounds:IsValid=true, Min=(X=1400.000 Y=1500.000 Z=0.000), Max=(X=1800.000 Y=1700.000 Z=100.000) RuntimeGrid:None EditorOnly:0 RuntimeOnly:0 HLODRelevant:1 ListedInSceneOutliner:1 IsMainWorldOnly:0 FolderPath:Block01 FolderGuid:7D23E5AE4C2A421F86AF6986D87E6D05
 |   |   |- Guid:F1924B8D48954B30891B2DB6A694F9CC BaseClass: NativeClass:/Script/Engine.StaticMeshActor Name:StaticMeshActor_1 Label:SM_Cube SpatiallyLoaded:1 Bounds:IsValid=true, Min=(X=0.000 Y=0.000 Z=-50.000), Max=(X=3000.000 Y=3500.000 Z=0.000) RuntimeGrid:None EditorOnly:0 RuntimeOnly:0 HLODRelevant:1 ListedInSceneOutliner:1 IsMainWorldOnly:0 FolderPath:Playground FolderGuid:C73F09FC4215536B1DCE2A9E0A830C70
 |   |   |- Guid:F5E3FEB3450C49844FD93DA8E083C8AD BaseClass: NativeClass:/Script/Engine.PostProcessVolume Name:PostProcessVolume_0 Label:PostProcessVolume SpatiallyLoaded:0 Bounds:IsValid=true, Min=(X=0.000 Y=0.000 Z=400.000), Max=(X=200.000 Y=200.000 Z=600.000) RuntimeGrid:None EditorOnly:0 RuntimeOnly:0 HLODRelevant:0 ListedInSceneOutliner:1 IsMainWorldOnly:0 FolderPath:Lighting FolderGuid:963EC3EB4002CCE9759E2EBA541A873A
 |   |- [+] Clusters:
 |   |   |- [+] [  0]
 |   |   |   |- Guid:04F9C4684B14CA9F839306B79448489E BaseClass: NativeClass:/Script/NavigationSystem.NavMeshBoundsVolume Name:NavMeshBoundsVolume_UAID_98EECBD0681DB4B501_1908585976 Label:NavMeshBoundsVolume SpatiallyLoaded:0 Bounds:IsValid=true, Min=(X=-200.000 Y=308.377 Z=-25.475), Max=(X=2600.000 Y=3588.377 Z=174.525) RuntimeGrid:None EditorOnly:0 RuntimeOnly:0 HLODRelevant:0 ListedInSceneOutliner:1 IsMainWorldOnly:0
 |   |   |- [+] [  1]
 |   |   |   |- Guid:0A733B864C327F0B589EC8BBDD0265BC BaseClass: NativeClass:/Script/Engine.StaticMeshActor Name:StaticMeshActor_13 Label:SM_Cube9 SpatiallyLoaded:1 Bounds:IsValid=true, Min=(X=1800.000 Y=1500.000 Z=0.000), Max=(X=2000.000 Y=2200.000 Z=100.000) RuntimeGrid:None EditorOnly:0 RuntimeOnly:0 HLODRelevant:1 ListedInSceneOutliner:1 IsMainWorldOnly:0 FolderPath:Block01 FolderGuid:7D23E5AE4C2A421F86AF6986D87E6D05
 |   |   |- [+] [  2]
 |   |   |   |- Guid:13B34CBA4B7D47EBFD29ABB94619FEEE BaseClass:/Game/Weapon/M4A1/BP_M4A1.BP_M4A1_C NativeClass:/Script/Engine.Actor Name:BP_M4A1_C_UAID_98EECBD0681D85B501_1131085706 Label:BP_M4A1 SpatiallyLoaded:1 Bounds:IsValid=true, Min=(X=1091.746 Y=943.251 Z=8.131), Max=(X=1155.746 Y=1051.898 Z=77.466) RuntimeGrid:None EditorOnly:0 RuntimeOnly:0 HLODRelevant:0 ListedInSceneOutliner:1 IsMainWorldOnly:0
 |   |   |- [+] [  3]
 |   |   |   |- Guid:2FB58999456391D349DC0F86DAC136ED BaseClass: NativeClass:/Script/Engine.SkyLight Name:SkyLight_1 Label:SkyLight SpatiallyLoaded:0 Bounds:IsValid=true, Min=(X=0.000 Y=0.000 Z=690.000), Max=(X=0.000 Y=0.000 Z=690.000) RuntimeGrid:None EditorOnly:0 RuntimeOnly:0 HLODRelevant:0 ListedInSceneOutliner:1 IsMainWorldOnly:0 FolderPath:Lighting FolderGuid:963EC3EB4002CCE9759E2EBA541A873A
 |   |   |- [+] [  4]
 |   |   |   |- Guid:316CF2A6494ACA4C0E4180A87D36AB8F BaseClass: NativeClass:/Script/Engine.ExponentialHeightFog Name:ExponentialHeightFog_0 Label:ExponentialHeightFog SpatiallyLoaded:0 Bounds:IsValid=true, Min=(X=-5600.000 Y=-50.000 Z=-6850.000), Max=(X=-5600.000 Y=-50.000 Z=-6850.000) RuntimeGrid:None EditorOnly:0 RuntimeOnly:0 HLODRelevant:0 ListedInSceneOutliner:1 IsMainWorldOnly:0 FolderPath:Lighting FolderGuid:963EC3EB4002CCE9759E2EBA541A873A
 |   |   |- [+] [  5]
 |   |   |   |- Guid:3A00AA1C422CE54C0BDB60BAF471BFBB BaseClass: NativeClass:/Script/Engine.PlayerStart Name:PlayerStart_0 Label:PlayerStart SpatiallyLoaded:0 Bounds:IsValid=true, Min=(X=860.000 Y=1280.000 Z=0.013), Max=(X=940.000 Y=1360.000 Z=184.013) RuntimeGrid:None EditorOnly:0 RuntimeOnly:0 HLODRelevant:0 ListedInSceneOutliner:1 IsMainWorldOnly:0
 |   |   |- [+] [  6]
 |   |   |   |- Guid:42FC17734FB999027B7871A80F9BD64F BaseClass: NativeClass:/Script/Engine.StaticMeshActor Name:StaticMeshActor_UAID_00FF8CAA7CC1A8B501_1374250864 Label:SM_Cube8 SpatiallyLoaded:1 Bounds:IsValid=true, Min=(X=-296.612 Y=0.000 Z=-0.000), Max=(X=3003.388 Y=100.000 Z=400.000) RuntimeGrid:None EditorOnly:0 RuntimeOnly:0 HLODRelevant:1 ListedInSceneOutliner:1 IsMainWorldOnly:0 FolderPath:Playground FolderGuid:C73F09FC4215536B1DCE2A9E0A830C70
 |   |   |- [+] [  7]
 |   |   |   |- Guid:43815E84492231AFC407F59E3C28176B BaseClass: NativeClass:/Script/Engine.StaticMeshActor Name:StaticMeshActor_4 Label:SM_Cube6 SpatiallyLoaded:1 Bounds:IsValid=true, Min=(X=2900.000 Y=100.000 Z=0.000), Max=(X=3000.000 Y=3400.000 Z=400.000) RuntimeGrid:None EditorOnly:0 RuntimeOnly:0 HLODRelevant:1 ListedInSceneOutliner:1 IsMainWorldOnly:0 FolderPath:Playground FolderGuid:C73F09FC4215536B1DCE2A9E0A830C70
 |   |   |- [+] [  8]
 |   |   |   |- Guid:4B51282D4311275971A01F9E6F69FDE5 BaseClass: NativeClass:/Script/Engine.StaticMeshActor Name:StaticMeshActor_UAID_00FF8CAA7CC1A8B501_1374245863 Label:SM_Cube7 SpatiallyLoaded:1 Bounds:IsValid=true, Min=(X=-296.612 Y=3375.209 Z=0.000), Max=(X=3003.388 Y=3475.209 Z=400.000) RuntimeGrid:None EditorOnly:0 RuntimeOnly:0 HLODRelevant:1 ListedInSceneOutliner:1 IsMainWorldOnly:0 FolderPath:Playground FolderGuid:C73F09FC4215536B1DCE2A9E0A830C70
 |   |   |- [+] [  9]
 |   |   |   |- Guid:4D3BE93F4146AAAC8BBE79999D96D57F BaseClass: NativeClass:/Script/Engine.VolumetricCloud Name:VolumetricCloud_0 Label:VolumetricCloud SpatiallyLoaded:0 Bounds:IsValid=true, Min=(X=0.000 Y=0.000 Z=820.000), Max=(X=0.000 Y=0.000 Z=820.000) RuntimeGrid:None EditorOnly:0 RuntimeOnly:0 HLODRelevant:0 ListedInSceneOutliner:1 IsMainWorldOnly:0 FolderPath:Lighting FolderGuid:963EC3EB4002CCE9759E2EBA541A873A
 |   |   |- [+] [ 10]
 |   |   |   |- Guid:5F0821E042232AFA551F19868D4F1429 BaseClass: NativeClass:/Script/NavigationSystem.RecastNavMesh Name:RecastNavMesh_UAID_98EECBD0681DB4B501-Default Label:RecastNavMesh-Default SpatiallyLoaded:0 Bounds:IsValid=true, Min=(X=0.000 Y=0.000 Z=0.000), Max=(X=0.000 Y=0.000 Z=0.000) RuntimeGrid:None EditorOnly:0 RuntimeOnly:0 HLODRelevant:0 ListedInSceneOutliner:1 IsMainWorldOnly:0
 |   |   |- [+] [ 11]
 |   |   |   |- Guid:6ADB07394E282EEF8988E68455CDDAAF BaseClass:/Game/SpawnPoint.SpawnPoint_C NativeClass:/Script/Engine.Actor Name:SpawnPoint_C_UAID_98EECBD0681DB6B501_1783616328 Label:SpawnPoint SpatiallyLoaded:1 Bounds:IsValid=true, Min=(X=1725.643 Y=1170.295 Z=0.000), Max=(X=1725.643 Y=1170.295 Z=0.000) RuntimeGrid:None EditorOnly:0 RuntimeOnly:0 HLODRelevant:0 ListedInSceneOutliner:1 IsMainWorldOnly:0
 |   |   |- [+] [ 12]
 |   |   |   |- Guid:6BAF4DDD444C60371492D3919DB42C97 BaseClass: NativeClass:/Script/Engine.WorldDataLayers Name:WorldDataLayers Label:WorldDataLayers SpatiallyLoaded:0 Bounds:IsValid=true, Min=(X=0.000 Y=0.000 Z=0.000), Max=(X=0.000 Y=0.000 Z=0.000) RuntimeGrid:None EditorOnly:0 RuntimeOnly:0 HLODRelevant:0 ListedInSceneOutliner:1 IsMainWorldOnly:1
 |   |   |- [+] [ 13]
 |   |   |   |- Guid:961864A84FF6F65B68F2A3BE5819D538 BaseClass: NativeClass:/Script/Engine.StaticMeshActor Name:StaticMeshActor_8 Label:SM_Cube4 SpatiallyLoaded:1 Bounds:IsValid=true, Min=(X=1200.000 Y=1700.000 Z=0.000), Max=(X=1800.000 Y=2200.000 Z=200.000) RuntimeGrid:None EditorOnly:0 RuntimeOnly:0 HLODRelevant:1 ListedInSceneOutliner:1 IsMainWorldOnly:0 FolderPath:Block01 FolderGuid:7D23E5AE4C2A421F86AF6986D87E6D05
 |   |   |- [+] [ 14]
 |   |   |   |- Guid:A56216954B2165CF0F35A886B537D536 BaseClass: NativeClass:/Script/Engine.StaticMeshActor Name:StaticMeshActor_0 Label:SM_Cube5 SpatiallyLoaded:1 Bounds:IsValid=true, Min=(X=-0.000 Y=100.000 Z=0.000), Max=(X=100.000 Y=3400.000 Z=400.000) RuntimeGrid:None EditorOnly:0 RuntimeOnly:0 HLODRelevant:1 ListedInSceneOutliner:1 IsMainWorldOnly:0 FolderPath:Playground FolderGuid:C73F09FC4215536B1DCE2A9E0A830C70
 |   |   |- [+] [ 15]
 |   |   |   |- Guid:AB74120142217676C6EC818E6B49412B BaseClass: NativeClass:/Script/Engine.StaticMeshActor Name:StaticMeshActor_15 Label:SM_Cube10 SpatiallyLoaded:1 Bounds:IsValid=true, Min=(X=1800.000 Y=2100.000 Z=100.000), Max=(X=2000.000 Y=2200.000 Z=200.000) RuntimeGrid:None EditorOnly:0 RuntimeOnly:0 HLODRelevant:1 ListedInSceneOutliner:1 IsMainWorldOnly:0 FolderPath:Block01 FolderGuid:7D23E5AE4C2A421F86AF6986D87E6D05
 |   |   |- [+] [ 16]
 |   |   |   |- Guid:B785ED2844B84CFB91E7F39FE661CD99 BaseClass: NativeClass:/Script/Engine.DirectionalLight Name:DirectionalLight_0 Label:DirectionalLight SpatiallyLoaded:0 Bounds:IsValid=true, Min=(X=-1048576.000 Y=-1048576.000 Z=-1048576.000), Max=(X=1048576.000 Y=1048576.000 Z=1048576.000) RuntimeGrid:None EditorOnly:0 RuntimeOnly:0 HLODRelevant:0 ListedInSceneOutliner:1 IsMainWorldOnly:0 FolderPath:Lighting FolderGuid:963EC3EB4002CCE9759E2EBA541A873A
 |   |   |- [+] [ 17]
 |   |   |   |- Guid:C15C2C8D4EA4ADE0BD1349AFD814988B BaseClass: NativeClass:/Script/Engine.StaticMeshActor Name:StaticMeshActor_14 Label:SM_Ramp3 SpatiallyLoaded:1 Bounds:IsValid=true, Min=(X=1800.000 Y=1700.000 Z=100.000), Max=(X=2000.000 Y=2100.000 Z=200.000) RuntimeGrid:None EditorOnly:0 RuntimeOnly:0 HLODRelevant:1 ListedInSceneOutliner:1 IsMainWorldOnly:0 FolderPath:Block01 FolderGuid:7D23E5AE4C2A421F86AF6986D87E6D05
 |   |   |- [+] [ 18]
 |   |   |   |- Guid:CCFF262C46EEFFDF319E7F9539CE697E BaseClass: NativeClass:/Script/Engine.SkyAtmosphere Name:SkyAtmosphere_0 Label:SkyAtmosphere SpatiallyLoaded:0 Bounds:IsValid=true, Min=(X=0.000 Y=0.000 Z=1020.000), Max=(X=0.000 Y=0.000 Z=1020.000) RuntimeGrid:None EditorOnly:0 RuntimeOnly:0 HLODRelevant:0 ListedInSceneOutliner:1 IsMainWorldOnly:0 FolderPath:Lighting FolderGuid:963EC3EB4002CCE9759E2EBA541A873A
 |   |   |- [+] [ 19]
 |   |   |   |- Guid:EC4E0C944CE6AC6E784BC6BB2916EA13 BaseClass: NativeClass:/Script/Engine.StaticMeshActor Name:StaticMeshActor_UAID_A4AE111137DC5EFB00_1110535423 Label:SM_SkySphere SpatiallyLoaded:0 Bounds:IsValid=true, Min=(X=-1638400.000 Y=-1638400.000 Z=-1638400.000), Max=(X=1638400.000 Y=1638400.000 Z=1638400.000) RuntimeGrid:None EditorOnly:0 RuntimeOnly:0 HLODRelevant:1 ListedInSceneOutliner:1 IsMainWorldOnly:0 FolderPath:Lighting FolderGuid:963EC3EB4002CCE9759E2EBA541A873A
 |   |   |- [+] [ 20]
 |   |   |   |- Guid:EDAA34A64E50B17535C2EB826C12557D BaseClass: NativeClass:/Script/Engine.StaticMeshActor Name:StaticMeshActor_9 Label:SM_Ramp2 SpatiallyLoaded:1 Bounds:IsValid=true, Min=(X=1400.000 Y=1500.000 Z=0.000), Max=(X=1800.000 Y=1700.000 Z=100.000) RuntimeGrid:None EditorOnly:0 RuntimeOnly:0 HLODRelevant:1 ListedInSceneOutliner:1 IsMainWorldOnly:0 FolderPath:Block01 FolderGuid:7D23E5AE4C2A421F86AF6986D87E6D05
 |   |   |- [+] [ 21]
 |   |   |   |- Guid:F1924B8D48954B30891B2DB6A694F9CC BaseClass: NativeClass:/Script/Engine.StaticMeshActor Name:StaticMeshActor_1 Label:SM_Cube SpatiallyLoaded:1 Bounds:IsValid=true, Min=(X=0.000 Y=0.000 Z=-50.000), Max=(X=3000.000 Y=3500.000 Z=0.000) RuntimeGrid:None EditorOnly:0 RuntimeOnly:0 HLODRelevant:1 ListedInSceneOutliner:1 IsMainWorldOnly:0 FolderPath:Playground FolderGuid:C73F09FC4215536B1DCE2A9E0A830C70
 |   |   |- [+] [ 22]
 |   |   |   |- Guid:F5E3FEB3450C49844FD93DA8E083C8AD BaseClass: NativeClass:/Script/Engine.PostProcessVolume Name:PostProcessVolume_0 Label:PostProcessVolume SpatiallyLoaded:0 Bounds:IsValid=true, Min=(X=0.000 Y=0.000 Z=400.000), Max=(X=200.000 Y=200.000 Z=600.000) RuntimeGrid:None EditorOnly:0 RuntimeOnly:0 HLODRelevant:0 ListedInSceneOutliner:1 IsMainWorldOnly:0 FolderPath:Lighting FolderGuid:963EC3EB4002CCE9759E2EBA541A873A
 |- ContainerInstances:
 |- [+] MainContainer:
 |   |-        ID: 00000000000000000000000000000000
 |   |-  ParentID: 00000000000000000000000000000000
 |   |-    Bounds: IsValid=false, Min=(X=0.000 Y=0.000 Z=0.000), Max=(X=0.000 Y=0.000 Z=0.000)
 |   |- Transform: 0.000000,0.000000,0.000000|0.000000,0.000000,-0.000000|1.000000,1.000000,1.000000
 |   |- Container: /Game/ThirdPerson/Maps/ThirdPersonMap
----------------------------------------------------------------------------------------------------------------
ThirdPersonMap - Persistent Level
----------------------------------------------------------------------------------------------------------------
[+] Content of ThirdPersonMap Persistent Level
 |- Always loaded Actor Count: 31 
 |- Actor Path: /Game/ThirdPerson/Maps/UEDPIE_1_ThirdPersonMap.ThirdPersonMap:PersistentLevel.BP_M4A1_C_UAID_98EECBD0681D85B501_1131085706
 |- Actor Package: /Game/ThirdPerson/Maps/UEDPIE_1_ThirdPersonMap_InstanceOf_/Game/__ExternalActors__/ThirdPerson/Maps/ThirdPersonMap/3/JF/PPSMFKDY8CTHQ6U1IHTTNG
 |- Actor Path: /Game/ThirdPerson/Maps/UEDPIE_1_ThirdPersonMap.ThirdPersonMap:PersistentLevel.Brush_0
 |- Actor Package: /Game/ThirdPerson/Maps/UEDPIE_1_ThirdPersonMap
 |- Actor Path: /Game/ThirdPerson/Maps/UEDPIE_1_ThirdPersonMap.ThirdPersonMap:PersistentLevel.BuoyancyManager_0
 |- Actor Package: /Game/ThirdPerson/Maps/UEDPIE_1_ThirdPersonMap
 |- Actor Path: /Game/ThirdPerson/Maps/UEDPIE_1_ThirdPersonMap.ThirdPersonMap:PersistentLevel.ChaosDebugDrawActor
 |- Actor Package: /Game/ThirdPerson/Maps/UEDPIE_1_ThirdPersonMap
 |- Actor Path: /Game/ThirdPerson/Maps/UEDPIE_1_ThirdPersonMap.ThirdPersonMap:PersistentLevel.DefaultPhysicsVolume_0
 |- Actor Package: /Game/ThirdPerson/Maps/UEDPIE_1_ThirdPersonMap
 |- Actor Path: /Game/ThirdPerson/Maps/UEDPIE_1_ThirdPersonMap.ThirdPersonMap:PersistentLevel.DirectionalLight_0
 |- Actor Package: /Game/ThirdPerson/Maps/UEDPIE_1_ThirdPersonMap_InstanceOf_/Game/__ExternalActors__/ThirdPerson/Maps/ThirdPersonMap/5/R1/TS5OQ5CRUWFZYL1ZQ7I416
 |- Actor Path: /Game/ThirdPerson/Maps/UEDPIE_1_ThirdPersonMap.ThirdPersonMap:PersistentLevel.ExponentialHeightFog_0
 |- Actor Package: /Game/ThirdPerson/Maps/UEDPIE_1_ThirdPersonMap_InstanceOf_/Game/__ExternalActors__/ThirdPerson/Maps/ThirdPersonMap/6/J7/N10XDC9G27EMLS5AGZ6AVV
 |- Actor Path: /Game/ThirdPerson/Maps/UEDPIE_1_ThirdPersonMap.ThirdPersonMap:PersistentLevel.GameplayDebuggerPlayerManager_0
 |- Actor Package: /Game/ThirdPerson/Maps/UEDPIE_1_ThirdPersonMap
 |- Actor Path: /Game/ThirdPerson/Maps/UEDPIE_1_ThirdPersonMap.ThirdPersonMap:PersistentLevel.NavMeshBoundsVolume_UAID_98EECBD0681DB4B501_1908585976
 |- Actor Package: /Game/ThirdPerson/Maps/UEDPIE_1_ThirdPersonMap_InstanceOf_/Game/__ExternalActors__/ThirdPerson/Maps/ThirdPersonMap/2/3D/Q25T35T8BBQPLTJV7UYUL4
 |- Actor Path: /Game/ThirdPerson/Maps/UEDPIE_1_ThirdPersonMap.ThirdPersonMap:PersistentLevel.PlayerStart_0
 |- Actor Package: /Game/ThirdPerson/Maps/UEDPIE_1_ThirdPersonMap_InstanceOf_/Game/__ExternalActors__/ThirdPerson/Maps/ThirdPersonMap/D/DE/SWSI13675DVYIZ0N4NF7Y3
 |- Actor Path: /Game/ThirdPerson/Maps/UEDPIE_1_ThirdPersonMap.ThirdPersonMap:PersistentLevel.PostProcessVolume_0
 |- Actor Package: /Game/ThirdPerson/Maps/UEDPIE_1_ThirdPersonMap_InstanceOf_/Game/__ExternalActors__/ThirdPerson/Maps/ThirdPersonMap/1/AZ/A7GPT109Y6ZTTJD4A7TXER
 |- Actor Path: /Game/ThirdPerson/Maps/UEDPIE_1_ThirdPersonMap.ThirdPersonMap:PersistentLevel.RecastNavMesh_UAID_98EECBD0681DB4B501-Default
 |- Actor Package: /Game/ThirdPerson/Maps/UEDPIE_1_ThirdPersonMap_InstanceOf_/Game/__ExternalActors__/ThirdPerson/Maps/ThirdPersonMap/D/3E/VPTUVGD7EQ8CNRG3O9COTD
 |- Actor Path: /Game/ThirdPerson/Maps/UEDPIE_1_ThirdPersonMap.ThirdPersonMap:PersistentLevel.SkyAtmosphere_0
 |- Actor Package: /Game/ThirdPerson/Maps/UEDPIE_1_ThirdPersonMap_InstanceOf_/Game/__ExternalActors__/ThirdPerson/Maps/ThirdPersonMap/4/LN/30UBDLYFFA5ZR7U4W4L4GG
 |- Actor Path: /Game/ThirdPerson/Maps/UEDPIE_1_ThirdPersonMap.ThirdPersonMap:PersistentLevel.SkyLight_1
 |- Actor Package: /Game/ThirdPerson/Maps/UEDPIE_1_ThirdPersonMap_InstanceOf_/Game/__ExternalActors__/ThirdPerson/Maps/ThirdPersonMap/8/S1/DXUWD12MD3HRWVVXX076BY
 |- Actor Path: /Game/ThirdPerson/Maps/UEDPIE_1_ThirdPersonMap.ThirdPersonMap:PersistentLevel.SpawnPoint_C_UAID_98EECBD0681DB6B501_1783616328
 |- Actor Package: /Game/ThirdPerson/Maps/UEDPIE_1_ThirdPersonMap_InstanceOf_/Game/__ExternalActors__/ThirdPerson/Maps/ThirdPersonMap/3/BY/VLLYDB1PKIMBKMIGBICL3M
 |- Actor Path: /Game/ThirdPerson/Maps/UEDPIE_1_ThirdPersonMap.ThirdPersonMap:PersistentLevel.StaticMeshActor_0
 |- Actor Package: /Game/ThirdPerson/Maps/UEDPIE_1_ThirdPersonMap_InstanceOf_/Game/__ExternalActors__/ThirdPerson/Maps/ThirdPersonMap/A/MS/MRHJREJ6H7USQYWF1KO8F6
 |- Actor Path: /Game/ThirdPerson/Maps/UEDPIE_1_ThirdPersonMap.ThirdPersonMap:PersistentLevel.StaticMeshActor_1
 |- Actor Package: /Game/ThirdPerson/Maps/UEDPIE_1_ThirdPersonMap_InstanceOf_/Game/__ExternalActors__/ThirdPerson/Maps/ThirdPersonMap/6/YO/NG2R9BPZVA7ZDN0Z4VSTG6
 |- Actor Path: /Game/ThirdPerson/Maps/UEDPIE_1_ThirdPersonMap.ThirdPersonMap:PersistentLevel.StaticMeshActor_4
 |- Actor Package: /Game/ThirdPerson/Maps/UEDPIE_1_ThirdPersonMap_InstanceOf_/Game/__ExternalActors__/ThirdPerson/Maps/ThirdPersonMap/5/9Q/U98KGKQ41NJYFOGFQM8ZDY
 |- Actor Path: /Game/ThirdPerson/Maps/UEDPIE_1_ThirdPersonMap.ThirdPersonMap:PersistentLevel.StaticMeshActor_8
 |- Actor Package: /Game/ThirdPerson/Maps/UEDPIE_1_ThirdPersonMap_InstanceOf_/Game/__ExternalActors__/ThirdPerson/Maps/ThirdPersonMap/A/16/Q7Y1URWWFS0TXGWUTO3S61
 |- Actor Path: /Game/ThirdPerson/Maps/UEDPIE_1_ThirdPersonMap.ThirdPersonMap:PersistentLevel.StaticMeshActor_9
 |- Actor Package: /Game/ThirdPerson/Maps/UEDPIE_1_ThirdPersonMap_InstanceOf_/Game/__ExternalActors__/ThirdPerson/Maps/ThirdPersonMap/8/3J/6B9RJI3FDPCETRKXUXCQ4C
 |- Actor Path: /Game/ThirdPerson/Maps/UEDPIE_1_ThirdPersonMap.ThirdPersonMap:PersistentLevel.StaticMeshActor_13
 |- Actor Package: /Game/ThirdPerson/Maps/UEDPIE_1_ThirdPersonMap_InstanceOf_/Game/__ExternalActors__/ThirdPerson/Maps/ThirdPersonMap/B/EA/9BWDWCNL7OZT2HTML9LK1Y
 |- Actor Path: /Game/ThirdPerson/Maps/UEDPIE_1_ThirdPersonMap.ThirdPersonMap:PersistentLevel.StaticMeshActor_14
 |- Actor Package: /Game/ThirdPerson/Maps/UEDPIE_1_ThirdPersonMap_InstanceOf_/Game/__ExternalActors__/ThirdPerson/Maps/ThirdPersonMap/5/11/IM858T68EBXCBX1T2FNR96
 |- Actor Path: /Game/ThirdPerson/Maps/UEDPIE_1_ThirdPersonMap.ThirdPersonMap:PersistentLevel.StaticMeshActor_15
 |- Actor Package: /Game/ThirdPerson/Maps/UEDPIE_1_ThirdPersonMap_InstanceOf_/Game/__ExternalActors__/ThirdPerson/Maps/ThirdPersonMap/4/60/5PI42YRDC8HSSG6BVV2GRR
 |- Actor Path: /Game/ThirdPerson/Maps/UEDPIE_1_ThirdPersonMap.ThirdPersonMap:PersistentLevel.StaticMeshActor_UAID_00FF8CAA7CC1A8B501_1374245863
 |- Actor Package: /Game/ThirdPerson/Maps/UEDPIE_1_ThirdPersonMap_InstanceOf_/Game/__ExternalActors__/ThirdPerson/Maps/ThirdPersonMap/6/BA/6IQ7PXSC8BC5KBST173KC4
 |- Actor Path: /Game/ThirdPerson/Maps/UEDPIE_1_ThirdPersonMap.ThirdPersonMap:PersistentLevel.StaticMeshActor_UAID_00FF8CAA7CC1A8B501_1374250864
 |- Actor Package: /Game/ThirdPerson/Maps/UEDPIE_1_ThirdPersonMap_InstanceOf_/Game/__ExternalActors__/ThirdPerson/Maps/ThirdPersonMap/6/8D/KH96M3ZE28R3QJW0F9DDF3
 |- Actor Path: /Game/ThirdPerson/Maps/UEDPIE_1_ThirdPersonMap.ThirdPersonMap:PersistentLevel.StaticMeshActor_UAID_A4AE111137DC5EFB00_1110535423
 |- Actor Package: /Game/ThirdPerson/Maps/UEDPIE_1_ThirdPersonMap_InstanceOf_/Game/__ExternalActors__/ThirdPerson/Maps/ThirdPersonMap/4/PN/2QISIGK5DJNQ05US8O8FXW
 |- Actor Path: /Game/ThirdPerson/Maps/UEDPIE_1_ThirdPersonMap.ThirdPersonMap:PersistentLevel.ThirdPersonMap_C_4
 |- Actor Package: /Game/ThirdPerson/Maps/UEDPIE_1_ThirdPersonMap
 |- Actor Path: /Game/ThirdPerson/Maps/UEDPIE_1_ThirdPersonMap.ThirdPersonMap:PersistentLevel.VolumetricCloud_0
 |- Actor Package: /Game/ThirdPerson/Maps/UEDPIE_1_ThirdPersonMap_InstanceOf_/Game/__ExternalActors__/ThirdPerson/Maps/ThirdPersonMap/3/EY/87SHEJN5UBEAN2K5OV1G6R
 |- Actor Path: /Game/ThirdPerson/Maps/UEDPIE_1_ThirdPersonMap.ThirdPersonMap:PersistentLevel.WorldDataLayers
 |- Actor Package: /Game/__ExternalActors__/ThirdPerson/Maps/ThirdPersonMap/0/43/HYQWORMY4JDQ5X3OKZXFLC
 |- Actor Path: /Game/ThirdPerson/Maps/UEDPIE_1_ThirdPersonMap.ThirdPersonMap:PersistentLevel.WorldInfo_0
 |- Actor Package: /Game/ThirdPerson/Maps/UEDPIE_1_ThirdPersonMap
 |- Actor Path: /Game/ThirdPerson/Maps/UEDPIE_1_ThirdPersonMap.ThirdPersonMap:PersistentLevel.WorldPartitionReplay
 |- Actor Package: /Game/ThirdPerson/Maps/UEDPIE_1_ThirdPersonMap

----------------------------------------------------------------------------------------------------------------
ThirdPersonMap - Runtime Spatial Hash - Streaming Grid - MainGrid
----------------------------------------------------------------------------------------------------------------
            Origin: X=0.000 Y=0.000 Z=0.000
         Cell Size: 12800
      World Bounds: IsValid=false, Min=(X=0.000 Y=0.000 Z=0.000), Max=(X=0.000 Y=0.000 Z=0.000)
     Loading Range: 25600.00
Block Slow Loading: No
 ClientOnlyVisible: No
            Origin: X=0.000 Y=0.000 Z=0.000

[+] Grid Levels: 1
 |- Level  0: Cell Count    0 | Cell Size   12800 | Actor Count    0 (0.0%)

[+] Content of Grid Level 0

